#
# There is insufficient memory for the Java Runtime Environment to continue.
# Native memory allocation (mmap) failed to map 34603008 bytes for G1 virtual space
# Possible reasons:
#   The system is out of physical RAM or swap space
#   The process is running with CompressedOops enabled, and the Java Heap may be blocking the growth of the native heap
# Possible solutions:
#   Reduce memory load on the system
#   Increase physical memory or swap space
#   Check if swap backing store is full
#   Decrease Java heap size (-Xmx/-Xms)
#   Decrease number of Java threads
#   Decrease Java thread stack sizes (-Xss)
#   Set larger code cache with -XX:ReservedCodeCacheSize=
#   JVM is running with Unscaled Compressed Oops mode in which the Java heap is
#     placed in the first 4GB address space. The Java Heap base address is the
#     maximum limit for the native heap growth. Please use -XX:HeapBaseMinAddress
#     to set the Java Heap base and to place the Java Heap above 4GB virtual address.
# This output file may be truncated or incomplete.
#
#  Out of Memory Error (os_windows.cpp:3469), pid=11600, tid=12644
#
# JRE version: OpenJDK Runtime Environment (17.0.1+12) (build 17.0.1+12-39)
# Java VM: OpenJDK 64-Bit Server VM (17.0.1+12-39, mixed mode, emulated-client, sharing, tiered, compressed oops, compressed class ptrs, g1 gc, windows-amd64)
# No core dump will be written. Minidumps are not enabled by default on client versions of Windows
#

---------------  S U M M A R Y ------------

Command Line: -XX:TieredStopAtLevel=1 -Xverify:none -Dspring.output.ansi.enabled=always -javaagent:C:\Program Files\JetBrains\IntelliJ IDEA 2021.2.1\lib\idea_rt.jar=61521:C:\Program Files\JetBrains\IntelliJ IDEA 2021.2.1\bin -Dcom.sun.management.jmxremote -Dspring.jmx.enabled=true -Dspring.liveBeansView.mbeanDomain -Dspring.application.admin.enabled=true -Dfile.encoding=UTF-8 ru.itis.shop.ShopApplication

Host: AMD Ryzen 5 3500U with Radeon Vega Mobile Gfx  , 8 cores, 6G,  Windows 10 , 64 bit Build 19041 (10.0.19041.1706)
Time: Tue May 17 11:23:40 2022 RTZ 2 (s 10 , 64 bit Build 19041 (10.0.19041.1706) elapsed time: 8.054619 seconds (0d 0h 0m 8s)

---------------  T H R E A D  ---------------

Current thread (0x0000020fffa0a8f0):  VMThread "VM Thread" [stack: 0x0000001786a00000,0x0000001786b00000] [id=12644]

Stack: [0x0000001786a00000,0x0000001786b00000]
Native frames: (J=compiled Java code, j=interpreted, Vv=VM code, C=native code)
V  [jvm.dll+0x66fa1a]
V  [jvm.dll+0x7ce5a4]
V  [jvm.dll+0x7cfd4e]
V  [jvm.dll+0x7d03b3]
V  [jvm.dll+0x242b05]
V  [jvm.dll+0x66ca39]
V  [jvm.dll+0x661502]
V  [jvm.dll+0x30081b]
V  [jvm.dll+0x307da6]
V  [jvm.dll+0x357a1e]
V  [jvm.dll+0x357c4f]
V  [jvm.dll+0x2d7ad8]
V  [jvm.dll+0x2d5da4]
V  [jvm.dll+0x2d53ac]
V  [jvm.dll+0x318d0b]
V  [jvm.dll+0x7d484b]
V  [jvm.dll+0x7d5584]
V  [jvm.dll+0x7d5a9c]
V  [jvm.dll+0x7d5e74]
V  [jvm.dll+0x7d5f40]
V  [jvm.dll+0x77e91a]
V  [jvm.dll+0x66e845]
C  [ucrtbase.dll+0x21bb2]
C  [KERNEL32.DLL+0x17034]
C  [ntdll.dll+0x52651]

VM_Operation (0x00000017864f9000): G1CollectForAllocation, mode: safepoint, requested by thread 0x0000020ff04c1f70


---------------  P R O C E S S  ---------------

Threads class SMR info:
_java_thread_list=0x0000020f84e45330, length=24, elements={
0x0000020ff04c1f70, 0x0000020fffa0fc90, 0x0000020fffa112a0, 0x0000020fffa2b8b0,
0x0000020fffa2e280, 0x0000020fffa2f2e0, 0x0000020fffa30340, 0x0000020fffa348a0,
0x0000020fffa391b0, 0x0000020fff9fad00, 0x0000020ffface2e0, 0x0000020f8295aae0,
0x0000020f8295ef80, 0x0000020f82a85280, 0x0000020f82a85c10, 0x0000020f82c0caf0,
0x0000020f82efae00, 0x0000020f82f2df80, 0x0000020f84680e10, 0x0000020f846812e0,
0x0000020f843c9b20, 0x0000020f84b63d70, 0x0000020f84b650b0, 0x0000020f84b65580
}

Java Threads: ( => current thread )
  0x0000020ff04c1f70 JavaThread "main" [_thread_blocked, id=12396, stack(0x0000001786400000,0x0000001786500000)]
  0x0000020fffa0fc90 JavaThread "Reference Handler" daemon [_thread_blocked, id=3516, stack(0x0000001786b00000,0x0000001786c00000)]
  0x0000020fffa112a0 JavaThread "Finalizer" daemon [_thread_blocked, id=10004, stack(0x0000001786c00000,0x0000001786d00000)]
  0x0000020fffa2b8b0 JavaThread "Signal Dispatcher" daemon [_thread_blocked, id=9340, stack(0x0000001786d00000,0x0000001786e00000)]
  0x0000020fffa2e280 JavaThread "Attach Listener" daemon [_thread_blocked, id=16200, stack(0x0000001786e00000,0x0000001786f00000)]
  0x0000020fffa2f2e0 JavaThread "Service Thread" daemon [_thread_blocked, id=15892, stack(0x0000001786f00000,0x0000001787000000)]
  0x0000020fffa30340 JavaThread "Monitor Deflation Thread" daemon [_thread_blocked, id=6196, stack(0x0000001787000000,0x0000001787100000)]
  0x0000020fffa348a0 JavaThread "C1 CompilerThread0" daemon [_thread_blocked, id=11372, stack(0x0000001787100000,0x0000001787200000)]
  0x0000020fffa391b0 JavaThread "Sweeper thread" daemon [_thread_blocked, id=12260, stack(0x0000001787200000,0x0000001787300000)]
  0x0000020fff9fad00 JavaThread "Common-Cleaner" daemon [_thread_blocked, id=11984, stack(0x0000001787300000,0x0000001787400000)]
  0x0000020ffface2e0 JavaThread "C1 CompilerThread1" daemon [_thread_blocked, id=13052, stack(0x0000001787400000,0x0000001787500000)]
  0x0000020f8295aae0 JavaThread "Monitor Ctrl-Break" daemon [_thread_in_native, id=12964, stack(0x0000001787500000,0x0000001787600000)]
  0x0000020f8295ef80 JavaThread "Notification Thread" daemon [_thread_blocked, id=9308, stack(0x0000001787600000,0x0000001787700000)]
  0x0000020f82a85280 JavaThread "C1 CompilerThread2" daemon [_thread_blocked, id=3836, stack(0x0000001787700000,0x0000001787800000)]
  0x0000020f82a85c10 JavaThread "C1 CompilerThread3" daemon [_thread_blocked, id=15784, stack(0x0000001787800000,0x0000001787900000)]
  0x0000020f82c0caf0 JavaThread "RMI TCP Accept-0" daemon [_thread_in_native, id=12040, stack(0x0000001787900000,0x0000001787a00000)]
  0x0000020f82efae00 JavaThread "RMI TCP Connection(1)-192.168.56.1" daemon [_thread_in_native, id=16136, stack(0x0000001788500000,0x0000001788600000)]
  0x0000020f82f2df80 JavaThread "RMI Scheduler(0)" daemon [_thread_blocked, id=10344, stack(0x0000001788600000,0x0000001788700000)]
  0x0000020f84680e10 JavaThread "Catalina-utility-1" [_thread_blocked, id=5748, stack(0x0000001788800000,0x0000001788900000)]
  0x0000020f846812e0 JavaThread "Catalina-utility-2" [_thread_blocked, id=800, stack(0x0000001788900000,0x0000001788a00000)]
  0x0000020f843c9b20 JavaThread "container-0" [_thread_blocked, id=9988, stack(0x0000001788a00000,0x0000001788b00000)]
  0x0000020f84b63d70 JavaThread "PostgreSQL-JDBC-SharedTimer-1" daemon [_thread_blocked, id=2464, stack(0x0000001788c00000,0x0000001788d00000)]
  0x0000020f84b650b0 JavaThread "HikariPool-1 housekeeper" daemon [_thread_blocked, id=7848, stack(0x0000001788d00000,0x0000001788e00000)]
  0x0000020f84b65580 JavaThread "HikariPool-1 connection adder" daemon [_thread_blocked, id=7276, stack(0x0000001788e00000,0x0000001788f00000)]

Other Threads:
=>0x0000020fffa0a8f0 VMThread "VM Thread" [stack: 0x0000001786a00000,0x0000001786b00000] [id=12644]
  0x0000020ff04c2f20 WatcherThread [stack: 0x0000001787a00000,0x0000001787b00000] [id=3808]
  0x0000020ff04fe300 GCTaskThread "GC Thread#0" [stack: 0x0000001786500000,0x0000001786600000] [id=5716]
  0x0000020f82dfd800 GCTaskThread "GC Thread#1" [stack: 0x0000001787b00000,0x0000001787c00000] [id=9288]
  0x0000020f82e10790 GCTaskThread "GC Thread#2" [stack: 0x0000001787c00000,0x0000001787d00000] [id=13120]
  0x0000020f82e2d0c0 GCTaskThread "GC Thread#3" [stack: 0x0000001787d00000,0x0000001787e00000] [id=1080]
  0x0000020f82e2d370 GCTaskThread "GC Thread#4" [stack: 0x0000001787e00000,0x0000001787f00000] [id=6048]
  0x0000020f82e2d620 GCTaskThread "GC Thread#5" [stack: 0x0000001787f00000,0x0000001788000000] [id=6396]
  0x0000020f82e2dce0 GCTaskThread "GC Thread#6" [stack: 0x0000001788000000,0x0000001788100000] [id=5712]
  0x0000020f82e2e410 GCTaskThread "GC Thread#7" [stack: 0x0000001788100000,0x0000001788200000] [id=15372]
  0x0000020ff050d040 ConcurrentGCThread "G1 Main Marker" [stack: 0x0000001786600000,0x0000001786700000] [id=7288]
  0x0000020ff050e1f0 ConcurrentGCThread "G1 Conc#0" [stack: 0x0000001786700000,0x0000001786800000] [id=14384]
  0x0000020f84519890 ConcurrentGCThread "G1 Conc#1" [stack: 0x0000001788700000,0x0000001788800000] [id=12932]
  0x0000020ff05859f0 ConcurrentGCThread "G1 Refine#0" [stack: 0x0000001786800000,0x0000001786900000] [id=16208]
  0x0000020f82dd8270 ConcurrentGCThread "G1 Refine#1" [stack: 0x0000001788200000,0x0000001788300000] [id=7228]
  0x0000020f82e2f440 ConcurrentGCThread "G1 Refine#2" [stack: 0x0000001788300000,0x0000001788400000] [id=15792]
  0x0000020fffd6c3a0 ConcurrentGCThread "G1 Refine#3" [stack: 0x0000001788400000,0x0000001788500000] [id=13296]
  0x0000020ff0586410 ConcurrentGCThread "G1 Service" [stack: 0x0000001786900000,0x0000001786a00000] [id=15912]

Threads with active compile tasks:

VM state: at safepoint (normal execution)

VM Mutex/Monitor currently owned by a thread:  ([mutex/lock_event])
[0x0000020ff04bf6b0] Threads_lock - owner thread: 0x0000020fffa0a8f0
[0x0000020ff04bec90] Heap_lock - owner thread: 0x0000020ff04c1f70

Heap address: 0x0000000091000000, size: 1776 MB, Compressed Oops mode: 32-bit

CDS archive(s) mapped at: [0x0000000800000000-0x0000000800bc0000-0x0000000800bc0000), size 12320768, SharedBaseAddress: 0x0000000800000000, ArchiveRelocationMode: 0.
Compressed class space mapped at: 0x0000000800c00000-0x0000000840c00000, reserved size: 1073741824
Narrow klass base: 0x0000000800000000, Narrow klass shift: 0, Narrow klass range: 0x100000000

GC Precious Log:
 CPUs: 8 total, 8 available
 Memory: 7103M
 Large Page Support: Disabled
 NUMA Support: Disabled
 Compressed Oops: Enabled (32-bit)
 Heap Region Size: 1M
 Heap Min Capacity: 8M
 Heap Initial Capacity: 112M
 Heap Max Capacity: 1776M
 Pre-touch: Disabled
 Parallel Workers: 8
 Concurrent Workers: 2
 Concurrent Refinement Workers: 8
 Periodic GC: Disabled

Heap:
 garbage-first heap   total 114688K, used 25704K [0x0000000091000000, 0x0000000100000000)
  region size 1024K, 5 young (5120K), 5 survivors (5120K)
 Metaspace       used 45721K, committed 46080K, reserved 1089536K
  class space    used 6400K, committed 6592K, reserved 1048576K

Heap Regions: E=young(eden), S=young(survivor), O=old, HS=humongous(starts), HC=humongous(continues), CS=collection set, F=free, OA=open archive, CA=closed archive, TAMS=top-at-mark-start (previous, next)
|   0|0x0000000091000000, 0x0000000091100000, 0x0000000091100000|100%|HS|  |TAMS 0x0000000091100000, 0x0000000091000000| Complete 
|   1|0x0000000091100000, 0x0000000091200000, 0x0000000091200000|100%| O|  |TAMS 0x0000000091200000, 0x0000000091100000| Untracked 
|   2|0x0000000091200000, 0x0000000091300000, 0x0000000091300000|100%| O|  |TAMS 0x0000000091300000, 0x0000000091200000| Untracked 
|   3|0x0000000091300000, 0x0000000091400000, 0x0000000091400000|100%| O|  |TAMS 0x0000000091400000, 0x0000000091300000| Untracked 
|   4|0x0000000091400000, 0x0000000091500000, 0x0000000091500000|100%| O|  |TAMS 0x0000000091500000, 0x0000000091400000| Untracked 
|   5|0x0000000091500000, 0x0000000091600000, 0x0000000091600000|100%| O|  |TAMS 0x0000000091600000, 0x0000000091500000| Untracked 
|   6|0x0000000091600000, 0x0000000091700000, 0x0000000091700000|100%| O|  |TAMS 0x0000000091700000, 0x0000000091600000| Untracked 
|   7|0x0000000091700000, 0x0000000091800000, 0x0000000091800000|100%| O|  |TAMS 0x0000000091800000, 0x0000000091700000| Untracked 
|   8|0x0000000091800000, 0x0000000091900000, 0x0000000091900000|100%| O|  |TAMS 0x0000000091900000, 0x0000000091800000| Untracked 
|   9|0x0000000091900000, 0x00000000919c2800, 0x0000000091a00000| 75%| O|  |TAMS 0x00000000919c2800, 0x0000000091900000| Untracked 
|  10|0x0000000091a00000, 0x0000000091b00000, 0x0000000091b00000|100%| O|  |TAMS 0x0000000091b00000, 0x0000000091a00000| Untracked 
|  11|0x0000000091b00000, 0x0000000091c00000, 0x0000000091c00000|100%| O|  |TAMS 0x0000000091c00000, 0x0000000091b00000| Untracked 
|  12|0x0000000091c00000, 0x0000000091d00000, 0x0000000091d00000|100%| O|  |TAMS 0x0000000091d00000, 0x0000000091c00000| Untracked 
|  13|0x0000000091d00000, 0x0000000091e00000, 0x0000000091e00000|100%| O|  |TAMS 0x0000000091e00000, 0x0000000091d00000| Untracked 
|  14|0x0000000091e00000, 0x0000000091f00000, 0x0000000091f00000|100%| O|  |TAMS 0x0000000091f00000, 0x0000000091e00000| Untracked 
|  15|0x0000000091f00000, 0x0000000092000000, 0x0000000092000000|100%| O|  |TAMS 0x0000000092000000, 0x0000000091f00000| Untracked 
|  16|0x0000000092000000, 0x0000000092100000, 0x0000000092100000|100%| O|  |TAMS 0x0000000092100000, 0x0000000092000000| Untracked 
|  17|0x0000000092100000, 0x0000000092200000, 0x0000000092200000|100%| O|  |TAMS 0x0000000092200000, 0x0000000092100000| Untracked 
|  18|0x0000000092200000, 0x0000000092300000, 0x0000000092300000|100%| O|  |TAMS 0x0000000092200000, 0x0000000092200000| Untracked 
|  19|0x0000000092300000, 0x0000000092400000, 0x0000000092400000|100%| O|  |TAMS 0x0000000092300000, 0x0000000092300000| Untracked 
|  20|0x0000000092400000, 0x0000000092500000, 0x0000000092500000|100%| O|  |TAMS 0x0000000092400000, 0x0000000092400000| Untracked 
|  21|0x0000000092500000, 0x0000000092519600, 0x0000000092600000|  9%| O|  |TAMS 0x0000000092500000, 0x0000000092500000| Untracked 
|  22|0x0000000092600000, 0x0000000092600000, 0x0000000092700000|  0%| F|  |TAMS 0x0000000092600000, 0x0000000092600000| Untracked 
|  23|0x0000000092700000, 0x0000000092700000, 0x0000000092800000|  0%| F|  |TAMS 0x0000000092700000, 0x0000000092700000| Untracked 
|  24|0x0000000092800000, 0x0000000092800000, 0x0000000092900000|  0%| F|  |TAMS 0x0000000092800000, 0x0000000092800000| Untracked 
|  25|0x0000000092900000, 0x0000000092900000, 0x0000000092a00000|  0%| F|  |TAMS 0x0000000092900000, 0x0000000092900000| Untracked 
|  26|0x0000000092a00000, 0x0000000092a00000, 0x0000000092b00000|  0%| F|  |TAMS 0x0000000092a00000, 0x0000000092a00000| Untracked 
|  27|0x0000000092b00000, 0x0000000092b00000, 0x0000000092c00000|  0%| F|  |TAMS 0x0000000092b00000, 0x0000000092b00000| Untracked 
|  28|0x0000000092c00000, 0x0000000092c00000, 0x0000000092d00000|  0%| F|  |TAMS 0x0000000092c00000, 0x0000000092c00000| Untracked 
|  29|0x0000000092d00000, 0x0000000092d00000, 0x0000000092e00000|  0%| F|  |TAMS 0x0000000092d00000, 0x0000000092d00000| Untracked 
|  30|0x0000000092e00000, 0x0000000092e00000, 0x0000000092f00000|  0%| F|  |TAMS 0x0000000092e00000, 0x0000000092e00000| Untracked 
|  31|0x0000000092f00000, 0x0000000092f00000, 0x0000000093000000|  0%| F|  |TAMS 0x0000000092f00000, 0x0000000092f00000| Untracked 
|  32|0x0000000093000000, 0x0000000093000000, 0x0000000093100000|  0%| F|  |TAMS 0x0000000093000000, 0x0000000093000000| Untracked 
|  33|0x0000000093100000, 0x000000009313e280, 0x0000000093200000| 24%| S|CS|TAMS 0x0000000093100000, 0x0000000093100000| Complete 
|  34|0x0000000093200000, 0x0000000093300000, 0x0000000093300000|100%| S|CS|TAMS 0x0000000093200000, 0x0000000093200000| Complete 
|  35|0x0000000093300000, 0x0000000093400000, 0x0000000093400000|100%| S|CS|TAMS 0x0000000093300000, 0x0000000093300000| Complete 
|  36|0x0000000093400000, 0x0000000093500000, 0x0000000093500000|100%| S|CS|TAMS 0x0000000093400000, 0x0000000093400000| Complete 
|  37|0x0000000093500000, 0x0000000093600000, 0x0000000093600000|100%| S|CS|TAMS 0x0000000093500000, 0x0000000093500000| Complete 
|  38|0x0000000093600000, 0x0000000093600000, 0x0000000093700000|  0%| F|  |TAMS 0x0000000093600000, 0x0000000093600000| Untracked 
|  39|0x0000000093700000, 0x0000000093700000, 0x0000000093800000|  0%| F|  |TAMS 0x0000000093700000, 0x0000000093700000| Untracked 
|  40|0x0000000093800000, 0x0000000093800000, 0x0000000093900000|  0%| F|  |TAMS 0x0000000093800000, 0x0000000093800000| Untracked 
|  41|0x0000000093900000, 0x0000000093900000, 0x0000000093a00000|  0%| F|  |TAMS 0x0000000093900000, 0x0000000093900000| Untracked 
|  42|0x0000000093a00000, 0x0000000093a00000, 0x0000000093b00000|  0%| F|  |TAMS 0x0000000093a00000, 0x0000000093a00000| Untracked 
|  43|0x0000000093b00000, 0x0000000093b00000, 0x0000000093c00000|  0%| F|  |TAMS 0x0000000093b00000, 0x0000000093b00000| Untracked 
|  44|0x0000000093c00000, 0x0000000093c00000, 0x0000000093d00000|  0%| F|  |TAMS 0x0000000093c00000, 0x0000000093c00000| Untracked 
|  45|0x0000000093d00000, 0x0000000093d00000, 0x0000000093e00000|  0%| F|  |TAMS 0x0000000093d00000, 0x0000000093d00000| Untracked 
|  46|0x0000000093e00000, 0x0000000093e00000, 0x0000000093f00000|  0%| F|  |TAMS 0x0000000093e00000, 0x0000000093e00000| Untracked 
|  47|0x0000000093f00000, 0x0000000093f00000, 0x0000000094000000|  0%| F|  |TAMS 0x0000000093f00000, 0x0000000093f00000| Untracked 
|  48|0x0000000094000000, 0x0000000094000000, 0x0000000094100000|  0%| F|  |TAMS 0x0000000094000000, 0x0000000094000000| Untracked 
|  49|0x0000000094100000, 0x0000000094100000, 0x0000000094200000|  0%| F|  |TAMS 0x0000000094100000, 0x0000000094100000| Untracked 
|  50|0x0000000094200000, 0x0000000094200000, 0x0000000094300000|  0%| F|  |TAMS 0x0000000094200000, 0x0000000094200000| Untracked 
|  51|0x0000000094300000, 0x0000000094300000, 0x0000000094400000|  0%| F|  |TAMS 0x0000000094300000, 0x0000000094300000| Untracked 
|  52|0x0000000094400000, 0x0000000094400000, 0x0000000094500000|  0%| F|  |TAMS 0x0000000094400000, 0x0000000094400000| Untracked 
|  53|0x0000000094500000, 0x0000000094500000, 0x0000000094600000|  0%| F|  |TAMS 0x0000000094500000, 0x0000000094500000| Untracked 
|  54|0x0000000094600000, 0x0000000094600000, 0x0000000094700000|  0%| F|  |TAMS 0x0000000094600000, 0x0000000094600000| Untracked 
|  55|0x0000000094700000, 0x0000000094700000, 0x0000000094800000|  0%| F|  |TAMS 0x0000000094700000, 0x0000000094700000| Untracked 
|  56|0x0000000094800000, 0x0000000094800000, 0x0000000094900000|  0%| F|  |TAMS 0x0000000094800000, 0x0000000094800000| Untracked 
|  57|0x0000000094900000, 0x0000000094900000, 0x0000000094a00000|  0%| F|  |TAMS 0x0000000094900000, 0x0000000094900000| Untracked 
|  58|0x0000000094a00000, 0x0000000094a00000, 0x0000000094b00000|  0%| F|  |TAMS 0x0000000094a00000, 0x0000000094a00000| Untracked 
|  59|0x0000000094b00000, 0x0000000094b00000, 0x0000000094c00000|  0%| F|  |TAMS 0x0000000094b00000, 0x0000000094b00000| Untracked 
|  60|0x0000000094c00000, 0x0000000094c00000, 0x0000000094d00000|  0%| F|  |TAMS 0x0000000094c00000, 0x0000000094c00000| Untracked 
|  61|0x0000000094d00000, 0x0000000094d00000, 0x0000000094e00000|  0%| F|  |TAMS 0x0000000094d00000, 0x0000000094d00000| Untracked 
|  62|0x0000000094e00000, 0x0000000094e00000, 0x0000000094f00000|  0%| F|  |TAMS 0x0000000094e00000, 0x0000000094e00000| Untracked 
|  63|0x0000000094f00000, 0x0000000094f00000, 0x0000000095000000|  0%| F|  |TAMS 0x0000000094f00000, 0x0000000094f00000| Untracked 
|  64|0x0000000095000000, 0x0000000095000000, 0x0000000095100000|  0%| F|  |TAMS 0x0000000095000000, 0x0000000095000000| Untracked 
|  65|0x0000000095100000, 0x0000000095100000, 0x0000000095200000|  0%| F|  |TAMS 0x0000000095100000, 0x0000000095100000| Untracked 
|  66|0x0000000095200000, 0x0000000095200000, 0x0000000095300000|  0%| F|  |TAMS 0x0000000095200000, 0x0000000095200000| Untracked 
|  67|0x0000000095300000, 0x0000000095300000, 0x0000000095400000|  0%| F|  |TAMS 0x0000000095300000, 0x0000000095300000| Untracked 
|  68|0x0000000095400000, 0x0000000095400000, 0x0000000095500000|  0%| F|  |TAMS 0x0000000095400000, 0x0000000095400000| Untracked 
|  69|0x0000000095500000, 0x0000000095500000, 0x0000000095600000|  0%| F|  |TAMS 0x0000000095500000, 0x0000000095500000| Untracked 
|  70|0x0000000095600000, 0x0000000095600000, 0x0000000095700000|  0%| F|  |TAMS 0x0000000095600000, 0x0000000095600000| Untracked 
|  71|0x0000000095700000, 0x0000000095700000, 0x0000000095800000|  0%| F|  |TAMS 0x0000000095700000, 0x0000000095700000| Untracked 
|  72|0x0000000095800000, 0x0000000095800000, 0x0000000095900000|  0%| F|  |TAMS 0x0000000095800000, 0x0000000095800000| Untracked 
|  73|0x0000000095900000, 0x0000000095900000, 0x0000000095a00000|  0%| F|  |TAMS 0x0000000095900000, 0x0000000095900000| Untracked 
|  74|0x0000000095a00000, 0x0000000095a00000, 0x0000000095b00000|  0%| F|  |TAMS 0x0000000095a00000, 0x0000000095a00000| Untracked 
|  75|0x0000000095b00000, 0x0000000095b00000, 0x0000000095c00000|  0%| F|  |TAMS 0x0000000095b00000, 0x0000000095b00000| Untracked 
|  76|0x0000000095c00000, 0x0000000095c00000, 0x0000000095d00000|  0%| F|  |TAMS 0x0000000095c00000, 0x0000000095c00000| Untracked 
|  77|0x0000000095d00000, 0x0000000095d00000, 0x0000000095e00000|  0%| F|  |TAMS 0x0000000095d00000, 0x0000000095d00000| Untracked 
|  78|0x0000000095e00000, 0x0000000095e00000, 0x0000000095f00000|  0%| F|  |TAMS 0x0000000095e00000, 0x0000000095e00000| Untracked 
|  79|0x0000000095f00000, 0x0000000095f00000, 0x0000000096000000|  0%| F|  |TAMS 0x0000000095f00000, 0x0000000095f00000| Untracked 
|  80|0x0000000096000000, 0x0000000096000000, 0x0000000096100000|  0%| F|  |TAMS 0x0000000096000000, 0x0000000096000000| Untracked 
|  81|0x0000000096100000, 0x0000000096100000, 0x0000000096200000|  0%| F|  |TAMS 0x0000000096100000, 0x0000000096100000| Untracked 
|  82|0x0000000096200000, 0x0000000096200000, 0x0000000096300000|  0%| F|  |TAMS 0x0000000096200000, 0x0000000096200000| Untracked 
|  83|0x0000000096300000, 0x0000000096300000, 0x0000000096400000|  0%| F|  |TAMS 0x0000000096300000, 0x0000000096300000| Untracked 
|  84|0x0000000096400000, 0x0000000096400000, 0x0000000096500000|  0%| F|  |TAMS 0x0000000096400000, 0x0000000096400000| Untracked 
|  85|0x0000000096500000, 0x0000000096500000, 0x0000000096600000|  0%| F|  |TAMS 0x0000000096500000, 0x0000000096500000| Untracked 
|  86|0x0000000096600000, 0x0000000096600000, 0x0000000096700000|  0%| F|  |TAMS 0x0000000096600000, 0x0000000096600000| Untracked 
|  87|0x0000000096700000, 0x0000000096700000, 0x0000000096800000|  0%| F|  |TAMS 0x0000000096700000, 0x0000000096700000| Untracked 
|  88|0x0000000096800000, 0x0000000096800000, 0x0000000096900000|  0%| F|  |TAMS 0x0000000096800000, 0x0000000096800000| Untracked 
|  89|0x0000000096900000, 0x0000000096900000, 0x0000000096a00000|  0%| F|  |TAMS 0x0000000096900000, 0x0000000096900000| Untracked 
|  90|0x0000000096a00000, 0x0000000096a00000, 0x0000000096b00000|  0%| F|  |TAMS 0x0000000096a00000, 0x0000000096a00000| Untracked 
|  91|0x0000000096b00000, 0x0000000096b00000, 0x0000000096c00000|  0%| F|  |TAMS 0x0000000096b00000, 0x0000000096b00000| Untracked 
|  92|0x0000000096c00000, 0x0000000096c00000, 0x0000000096d00000|  0%| F|  |TAMS 0x0000000096c00000, 0x0000000096c00000| Untracked 
|  93|0x0000000096d00000, 0x0000000096d00000, 0x0000000096e00000|  0%| F|  |TAMS 0x0000000096d00000, 0x0000000096d00000| Untracked 
|  94|0x0000000096e00000, 0x0000000096e00000, 0x0000000096f00000|  0%| F|  |TAMS 0x0000000096e00000, 0x0000000096e00000| Untracked 
|  95|0x0000000096f00000, 0x0000000096f00000, 0x0000000097000000|  0%| F|  |TAMS 0x0000000096f00000, 0x0000000096f00000| Untracked 
|  96|0x0000000097000000, 0x0000000097000000, 0x0000000097100000|  0%| F|  |TAMS 0x0000000097000000, 0x0000000097000000| Untracked 
|  97|0x0000000097100000, 0x0000000097100000, 0x0000000097200000|  0%| F|  |TAMS 0x0000000097100000, 0x0000000097100000| Untracked 
|  98|0x0000000097200000, 0x0000000097200000, 0x0000000097300000|  0%| F|  |TAMS 0x0000000097200000, 0x0000000097200000| Untracked 
|  99|0x0000000097300000, 0x0000000097300000, 0x0000000097400000|  0%| F|  |TAMS 0x0000000097300000, 0x0000000097300000| Untracked 
| 100|0x0000000097400000, 0x0000000097400000, 0x0000000097500000|  0%| F|  |TAMS 0x0000000097400000, 0x0000000097400000| Untracked 
| 101|0x0000000097500000, 0x0000000097500000, 0x0000000097600000|  0%| F|  |TAMS 0x0000000097500000, 0x0000000097500000| Untracked 
| 102|0x0000000097600000, 0x0000000097600000, 0x0000000097700000|  0%| F|  |TAMS 0x0000000097600000, 0x0000000097600000| Untracked 
| 103|0x0000000097700000, 0x0000000097700000, 0x0000000097800000|  0%| F|  |TAMS 0x0000000097700000, 0x0000000097700000| Untracked 
| 104|0x0000000097800000, 0x0000000097800000, 0x0000000097900000|  0%| F|  |TAMS 0x0000000097800000, 0x0000000097800000| Untracked 
| 105|0x0000000097900000, 0x0000000097900000, 0x0000000097a00000|  0%| F|  |TAMS 0x0000000097900000, 0x0000000097900000| Untracked 
| 106|0x0000000097a00000, 0x0000000097a00000, 0x0000000097b00000|  0%| F|  |TAMS 0x0000000097a00000, 0x0000000097a00000| Untracked 
| 107|0x0000000097b00000, 0x0000000097b00000, 0x0000000097c00000|  0%| F|  |TAMS 0x0000000097b00000, 0x0000000097b00000| Untracked 
| 108|0x0000000097c00000, 0x0000000097c00000, 0x0000000097d00000|  0%| F|  |TAMS 0x0000000097c00000, 0x0000000097c00000| Untracked 
| 109|0x0000000097d00000, 0x0000000097d00000, 0x0000000097e00000|  0%| F|  |TAMS 0x0000000097d00000, 0x0000000097d00000| Untracked 
| 110|0x0000000097e00000, 0x0000000097e00000, 0x0000000097f00000|  0%| F|  |TAMS 0x0000000097e00000, 0x0000000097e00000| Untracked 
| 111|0x0000000097f00000, 0x0000000097f00000, 0x0000000098000000|  0%| F|  |TAMS 0x0000000097f00000, 0x0000000097f00000| Untracked 

Card table byte_map: [0x0000020ffb140000,0x0000020ffb4c0000] _byte_map_base: 0x0000020ffacb8000

Marking Bits (Prev, Next): (CMBitMap*) 0x0000020ff04fe910, (CMBitMap*) 0x0000020ff04fe950
 Prev Bits: [0x0000020ffb840000, 0x0000020ffd400000)
 Next Bits: [0x0000020ffd400000, 0x0000020ffefc0000)

Polling page: 0x0000020fee660000

Metaspace:

Usage:
  Non-class:     38.40 MB used.
      Class:      6.25 MB used.
       Both:     44.65 MB used.

Virtual space:
  Non-class space:       40.00 MB reserved,      38.56 MB ( 96%) committed,  5 nodes.
      Class space:        1.00 GB reserved,       6.44 MB ( <1%) committed,  1 nodes.
             Both:        1.04 GB reserved,      45.00 MB (  4%) committed. 

Chunk freelists:
   Non-Class:  1.06 MB
       Class:  1.59 MB
        Both:  2.66 MB

MaxMetaspaceSize: unlimited
CompressedClassSpaceSize: 1.00 GB
Initial GC threshold: 21.00 MB
Current GC threshold: 59.19 MB
CDS: on
MetaspaceReclaimPolicy: balanced
 - commit_granule_bytes: 65536.
 - commit_granule_words: 8192.
 - virtual_space_node_default_size: 1048576.
 - enlarge_chunks_in_place: 1.
 - new_chunks_are_fully_committed: 0.
 - uncommit_free_chunks: 1.
 - use_allocation_guard: 0.
 - handle_deallocations: 1.


Internal statistics:

num_allocs_failed_limit: 6.
num_arena_births: 504.
num_arena_deaths: 0.
num_vsnodes_births: 6.
num_vsnodes_deaths: 0.
num_space_committed: 720.
num_space_uncommitted: 0.
num_chunks_returned_to_freelist: 6.
num_chunks_taken_from_freelist: 2140.
num_chunk_merges: 3.
num_chunk_splits: 1515.
num_chunks_enlarged: 1157.
num_purges: 0.
num_inconsistent_stats: 0.

CodeCache: size=49152Kb used=10931Kb max_used=10931Kb free=38220Kb
 bounds [0x0000020ff7cb0000, 0x0000020ff8760000, 0x0000020ffacb0000]
 total_blobs=5734 nmethods=5162 adapters=496
 compilation: enabled
              stopped_count=0, restarted_count=0
 full_count=0

Compilation events (20 events):
Event: 8.009 Thread 0x0000020f82a85280 5154       1       org.springframework.cglib.core.MethodWrapper$MethodWrapperKey$$KeyFactoryByCGLIB$$552be97a::<init> (21 bytes)
Event: 8.010 Thread 0x0000020f82a85c10 nmethod 5153 0x0000020ff8759090 code [0x0000020ff8759220, 0x0000020ff8759458]
Event: 8.010 Thread 0x0000020f82a85280 nmethod 5154 0x0000020ff8759510 code [0x0000020ff87596a0, 0x0000020ff8759878]
Event: 8.010 Thread 0x0000020ffface2e0 nmethod 5152 0x0000020ff8759910 code [0x0000020ff8759ae0, 0x0000020ff8759de8]
Event: 8.010 Thread 0x0000020ffface2e0 5155       1       java.util.LinkedList::node (65 bytes)
Event: 8.011 Thread 0x0000020ffface2e0 nmethod 5155 0x0000020ff8759f90 code [0x0000020ff875a120, 0x0000020ff875a278]
Event: 8.011 Thread 0x0000020fffa348a0 5156       1       org.springframework.cglib.core.ReflectUtils$7::getType (5 bytes)
Event: 8.011 Thread 0x0000020f82a85c10 5157       1       org.springframework.asm.Type::getType (122 bytes)
Event: 8.011 Thread 0x0000020fffa348a0 nmethod 5156 0x0000020ff875a390 code [0x0000020ff875a520, 0x0000020ff875a5f8]
Event: 8.011 Thread 0x0000020ffface2e0 5158       1       org.springframework.asm.Type::getDescriptor (18 bytes)
Event: 8.011 Thread 0x0000020ffface2e0 nmethod 5158 0x0000020ff875a690 code [0x0000020ff875a860, 0x0000020ff875ab38]
Event: 8.011 Thread 0x0000020f82a85c10 nmethod 5157 0x0000020ff875ac90 code [0x0000020ff875aee0, 0x0000020ff875b3a8]
Event: 8.013 Thread 0x0000020ffface2e0 5159       1       org.springframework.beans.factory.annotation.InjectionMetadata::forElements (33 bytes)
Event: 8.013 Thread 0x0000020f82a85280 5160       1       org.springframework.beans.factory.annotation.InjectionMetadata::checkConfigMembers (87 bytes)
Event: 8.014 Thread 0x0000020f82a85c10 5162       1       org.springframework.beans.factory.annotation.InjectionMetadata::inject (75 bytes)
Event: 8.014 Thread 0x0000020ffface2e0 nmethod 5159 0x0000020ff875b590 code [0x0000020ff875b740, 0x0000020ff875ba88]
Event: 8.014 Thread 0x0000020fffa348a0 5161       1       org.springframework.beans.factory.annotation.InjectionMetadata::needsRefresh (14 bytes)
Event: 8.014 Thread 0x0000020fffa348a0 nmethod 5161 0x0000020ff875bb90 code [0x0000020ff875bd20, 0x0000020ff875bdf8]
Event: 8.014 Thread 0x0000020f82a85c10 nmethod 5162 0x0000020ff875be90 code [0x0000020ff875c060, 0x0000020ff875c288]
Event: 8.014 Thread 0x0000020f82a85280 nmethod 5160 0x0000020ff875c410 code [0x0000020ff875c640, 0x0000020ff875cad8]

GC Heap History (20 events):
Event: 1.123 GC heap after
{Heap after GC invocations=1 (full 0):
 garbage-first heap   total 114688K, used 8144K [0x0000000091000000, 0x0000000100000000)
  region size 1024K, 3 young (3072K), 3 survivors (3072K)
 Metaspace       used 6824K, committed 6976K, reserved 1056768K
  class space    used 843K, committed 896K, reserved 1048576K
}
Event: 1.561 GC heap before
{Heap before GC invocations=1 (full 0):
 garbage-first heap   total 114688K, used 26576K [0x0000000091000000, 0x0000000100000000)
  region size 1024K, 22 young (22528K), 3 survivors (3072K)
 Metaspace       used 11002K, committed 11264K, reserved 1064960K
  class space    used 1475K, committed 1600K, reserved 1048576K
}
Event: 1.567 GC heap after
{Heap after GC invocations=2 (full 0):
 garbage-first heap   total 114688K, used 10291K [0x0000000091000000, 0x0000000100000000)
  region size 1024K, 2 young (2048K), 2 survivors (2048K)
 Metaspace       used 11002K, committed 11264K, reserved 1064960K
  class space    used 1475K, committed 1600K, reserved 1048576K
}
Event: 2.333 GC heap before
{Heap before GC invocations=2 (full 0):
 garbage-first heap   total 114688K, used 51251K [0x0000000091000000, 0x0000000100000000)
  region size 1024K, 42 young (43008K), 2 survivors (2048K)
 Metaspace       used 15055K, committed 15360K, reserved 1064960K
  class space    used 2026K, committed 2176K, reserved 1048576K
}
Event: 2.340 GC heap after
{Heap after GC invocations=3 (full 0):
 garbage-first heap   total 114688K, used 12112K [0x0000000091000000, 0x0000000100000000)
  region size 1024K, 4 young (4096K), 4 survivors (4096K)
 Metaspace       used 15055K, committed 15360K, reserved 1064960K
  class space    used 2026K, committed 2176K, reserved 1048576K
}
Event: 2.932 GC heap before
{Heap before GC invocations=3 (full 0):
 garbage-first heap   total 114688K, used 75600K [0x0000000091000000, 0x0000000100000000)
  region size 1024K, 67 young (68608K), 4 survivors (4096K)
 Metaspace       used 17396K, committed 17728K, reserved 1064960K
  class space    used 2316K, committed 2496K, reserved 1048576K
}
Event: 2.950 GC heap after
{Heap after GC invocations=4 (full 0):
 garbage-first heap   total 114688K, used 14094K [0x0000000091000000, 0x0000000100000000)
  region size 1024K, 6 young (6144K), 6 survivors (6144K)
 Metaspace       used 17396K, committed 17728K, reserved 1064960K
  class space    used 2316K, committed 2496K, reserved 1048576K
}
Event: 3.912 GC heap before
{Heap before GC invocations=4 (full 0):
 garbage-first heap   total 114688K, used 49934K [0x0000000091000000, 0x0000000100000000)
  region size 1024K, 42 young (43008K), 6 survivors (6144K)
 Metaspace       used 21205K, committed 21504K, reserved 1073152K
  class space    used 2889K, committed 3008K, reserved 1048576K
}
Event: 3.937 GC heap after
{Heap after GC invocations=5 (full 0):
 garbage-first heap   total 114688K, used 16082K [0x0000000091000000, 0x0000000100000000)
  region size 1024K, 6 young (6144K), 6 survivors (6144K)
 Metaspace       used 21205K, committed 21504K, reserved 1073152K
  class space    used 2889K, committed 3008K, reserved 1048576K
}
Event: 4.698 GC heap before
{Heap before GC invocations=6 (full 0):
 garbage-first heap   total 58368K, used 43730K [0x0000000091000000, 0x0000000100000000)
  region size 1024K, 34 young (34816K), 6 survivors (6144K)
 Metaspace       used 24853K, committed 25216K, reserved 1073152K
  class space    used 3409K, committed 3584K, reserved 1048576K
}
Event: 4.719 GC heap after
{Heap after GC invocations=7 (full 0):
 garbage-first heap   total 70656K, used 18435K [0x0000000091000000, 0x0000000100000000)
  region size 1024K, 5 young (5120K), 5 survivors (5120K)
 Metaspace       used 24853K, committed 25216K, reserved 1073152K
  class space    used 3409K, committed 3584K, reserved 1048576K
}
Event: 4.736 GC heap before
{Heap before GC invocations=7 (full 0):
 garbage-first heap   total 70656K, used 49155K [0x0000000091000000, 0x0000000100000000)
  region size 1024K, 36 young (36864K), 5 survivors (5120K)
 Metaspace       used 24853K, committed 25216K, reserved 1073152K
  class space    used 3409K, committed 3584K, reserved 1048576K
}
Event: 4.754 GC heap after
{Heap after GC invocations=8 (full 0):
 garbage-first heap   total 70656K, used 18251K [0x0000000091000000, 0x0000000100000000)
  region size 1024K, 1 young (1024K), 1 survivors (1024K)
 Metaspace       used 24853K, committed 25216K, reserved 1073152K
  class space    used 3409K, committed 3584K, reserved 1048576K
}
Event: 5.497 GC heap before
{Heap before GC invocations=8 (full 0):
 garbage-first heap   total 70656K, used 51019K [0x0000000091000000, 0x0000000100000000)
  region size 1024K, 34 young (34816K), 1 survivors (1024K)
 Metaspace       used 29414K, committed 29760K, reserved 1081344K
  class space    used 4091K, committed 4224K, reserved 1048576K
}
Event: 5.508 GC heap after
{Heap after GC invocations=9 (full 0):
 garbage-first heap   total 70656K, used 19638K [0x0000000091000000, 0x0000000100000000)
  region size 1024K, 2 young (2048K), 2 survivors (2048K)
 Metaspace       used 29414K, committed 29760K, reserved 1081344K
  class space    used 4091K, committed 4224K, reserved 1048576K
}
Event: 6.359 GC heap before
{Heap before GC invocations=9 (full 0):
 garbage-first heap   total 70656K, used 43190K [0x0000000091000000, 0x0000000100000000)
  region size 1024K, 26 young (26624K), 2 survivors (2048K)
 Metaspace       used 35720K, committed 36096K, reserved 1081344K
  class space    used 4938K, committed 5120K, reserved 1048576K
}
Event: 6.362 GC heap after
{Heap after GC invocations=10 (full 0):
 garbage-first heap   total 70656K, used 21467K [0x0000000091000000, 0x0000000100000000)
  region size 1024K, 4 young (4096K), 4 survivors (4096K)
 Metaspace       used 35720K, committed 36096K, reserved 1081344K
  class space    used 4938K, committed 5120K, reserved 1048576K
}
Event: 7.414 GC heap before
{Heap before GC invocations=11 (full 0):
 garbage-first heap   total 70656K, used 54235K [0x0000000091000000, 0x0000000100000000)
  region size 1024K, 36 young (36864K), 4 survivors (4096K)
 Metaspace       used 41098K, committed 41472K, reserved 1089536K
  class space    used 5817K, committed 6016K, reserved 1048576K
}
Event: 7.425 GC heap after
{Heap after GC invocations=12 (full 0):
 garbage-first heap   total 70656K, used 23573K [0x0000000091000000, 0x0000000100000000)
  region size 1024K, 4 young (4096K), 4 survivors (4096K)
 Metaspace       used 41098K, committed 41472K, reserved 1089536K
  class space    used 5817K, committed 6016K, reserved 1048576K
}
Event: 8.034 GC heap before
{Heap before GC invocations=12 (full 0):
 garbage-first heap   total 70656K, used 55317K [0x0000000091000000, 0x0000000100000000)
  region size 1024K, 35 young (35840K), 4 survivors (4096K)
 Metaspace       used 45721K, committed 46080K, reserved 1089536K
  class space    used 6400K, committed 6592K, reserved 1048576K
}

Deoptimization events (14 events):
Event: 0.977 Thread 0x0000020ff04c1f70 DEOPT PACKING pc=0x0000020ff7f04875 sp=0x00000017864fd790
Event: 0.977 Thread 0x0000020ff04c1f70 DEOPT UNPACKING pc=0x0000020ff7d02b43 sp=0x00000017864fcbe8 mode 3
Event: 1.651 Thread 0x0000020ff04c1f70 DEOPT PACKING pc=0x0000020ff823d799 sp=0x00000017864fd250
Event: 1.651 Thread 0x0000020ff04c1f70 DEOPT UNPACKING pc=0x0000020ff7d02b43 sp=0x00000017864fc730 mode 3
Event: 2.424 Thread 0x0000020ff04c1f70 DEOPT PACKING pc=0x0000020ff8379a4c sp=0x00000017864fe1c0
Event: 2.424 Thread 0x0000020ff04c1f70 DEOPT UNPACKING pc=0x0000020ff7d02b43 sp=0x00000017864fd700 mode 0
Event: 3.469 Thread 0x0000020ff04c1f70 DEOPT PACKING pc=0x0000020ff827cb24 sp=0x00000017864fd620
Event: 3.469 Thread 0x0000020ff04c1f70 DEOPT UNPACKING pc=0x0000020ff7d02b43 sp=0x00000017864fcb78 mode 0
Event: 3.791 Thread 0x0000020ff04c1f70 DEOPT PACKING pc=0x0000020ff84e7ef5 sp=0x00000017864fcc20
Event: 3.791 Thread 0x0000020ff04c1f70 DEOPT UNPACKING pc=0x0000020ff7d02b43 sp=0x00000017864fc090 mode 3
Event: 3.875 Thread 0x0000020ff04c1f70 DEOPT PACKING pc=0x0000020ff8513f19 sp=0x00000017864fdcd0
Event: 3.875 Thread 0x0000020ff04c1f70 DEOPT UNPACKING pc=0x0000020ff7d02b43 sp=0x00000017864fd1b0 mode 3
Event: 4.563 Thread 0x0000020ff04c1f70 DEOPT PACKING pc=0x0000020ff8599d5d sp=0x00000017864fd110
Event: 4.563 Thread 0x0000020ff04c1f70 DEOPT UNPACKING pc=0x0000020ff7d02b43 sp=0x00000017864fc678 mode 3

Classes unloaded (0 events):
No events

Classes redefined (0 events):
No events

Internal exceptions (20 events):
Event: 7.379 Thread 0x0000020ff04c1f70 Exception <a 'java/lang/ClassNotFoundException'{0x00000000933f5250}: org/springframework/core/io/support/PropertiesLoaderSupportCustomizer> (0x00000000933f5250) 
thrown [t:\workspace\open\src\hotspot\share\classfile\systemDictionary.cpp, line 256]
Event: 7.380 Thread 0x0000020ff04c1f70 Exception <a 'java/lang/ClassNotFoundException'{0x00000000932031f8}: org/springframework/beans/factory/config/PropertiesFactoryBeanCustomizer> (0x00000000932031f8) 
thrown [t:\workspace\open\src\hotspot\share\classfile\systemDictionary.cpp, line 256]
Event: 7.382 Thread 0x0000020ff04c1f70 Exception <a 'java/lang/ClassNotFoundException'{0x0000000093218cf8}: org/springframework/beans/factory/FactoryBeanCustomizer> (0x0000000093218cf8) 
thrown [t:\workspace\open\src\hotspot\share\classfile\systemDictionary.cpp, line 256]
Event: 7.382 Thread 0x0000020ff04c1f70 Exception <a 'java/lang/ClassNotFoundException'{0x0000000093220460}: org/springframework/beans/factory/InitializingBeanCustomizer> (0x0000000093220460) 
thrown [t:\workspace\open\src\hotspot\share\classfile\systemDictionary.cpp, line 256]
Event: 7.576 Thread 0x0000020ff04c1f70 Exception <a 'java/lang/ClassNotFoundException'{0x0000000094db2bb8}: java/lang/ObjectCustomizer> (0x0000000094db2bb8) 
thrown [t:\workspace\open\src\hotspot\share\classfile\systemDictionary.cpp, line 256]
Event: 7.577 Thread 0x0000020ff04c1f70 Exception <a 'java/lang/ClassNotFoundException'{0x0000000094dba7e0}: ru/itis/shop/models/UserCustomizer> (0x0000000094dba7e0) 
thrown [t:\workspace\open\src\hotspot\share\classfile\systemDictionary.cpp, line 256]
Event: 7.610 Thread 0x0000020ff04c1f70 Exception <a 'java/lang/ClassNotFoundException'{0x0000000094b42df0}: java/lang/ObjectCustomizer> (0x0000000094b42df0) 
thrown [t:\workspace\open\src\hotspot\share\classfile\systemDictionary.cpp, line 256]
Event: 7.611 Thread 0x0000020ff04c1f70 Exception <a 'java/lang/ClassNotFoundException'{0x0000000094b4aa18}: ru/itis/shop/models/RoleCustomizer> (0x0000000094b4aa18) 
thrown [t:\workspace\open\src\hotspot\share\classfile\systemDictionary.cpp, line 256]
Event: 7.618 Thread 0x0000020ff04c1f70 Exception <a 'java/lang/ClassNotFoundException'{0x0000000094b9e480}: java/lang/ObjectCustomizer> (0x0000000094b9e480) 
thrown [t:\workspace\open\src\hotspot\share\classfile\systemDictionary.cpp, line 256]
Event: 7.619 Thread 0x0000020ff04c1f70 Exception <a 'java/lang/ClassNotFoundException'{0x0000000094ba60e8}: ru/itis/shop/models/ProductCustomizer> (0x0000000094ba60e8) 
thrown [t:\workspace\open\src\hotspot\share\classfile\systemDictionary.cpp, line 256]
Event: 7.623 Thread 0x0000020ff04c1f70 Exception <a 'java/lang/ClassNotFoundException'{0x0000000094bd8670}: java/lang/ObjectCustomizer> (0x0000000094bd8670) 
thrown [t:\workspace\open\src\hotspot\share\classfile\systemDictionary.cpp, line 256]
Event: 7.624 Thread 0x0000020ff04c1f70 Exception <a 'java/lang/ClassNotFoundException'{0x0000000094be0298}: ru/itis/shop/models/TypeCustomizer> (0x0000000094be0298) 
thrown [t:\workspace\open\src\hotspot\share\classfile\systemDictionary.cpp, line 256]
Event: 7.638 Thread 0x0000020ff04c1f70 Exception <a 'java/lang/IncompatibleClassChangeError'{0x0000000094a8df70}: Found class java.lang.Object, but interface was expected> (0x0000000094a8df70) 
thrown [t:\workspace\open\src\hotspot\share\interpreter\linkResolver.cpp, line 833]
Event: 7.719 Thread 0x0000020ff04c1f70 Exception <a 'java/lang/reflect/InvocationTargetException'{0x000000009435c720}> (0x000000009435c720) 
thrown [t:\workspace\open\src\hotspot\share\runtime\reflection.cpp, line 1121]
Event: 7.730 Thread 0x0000020ff04c1f70 Exception <a 'java/lang/NoSuchMethodError'{0x00000000943cd7c8}: 'java.lang.Object java.lang.invoke.DirectMethodHandle$Holder.invokeStatic(java.lang.Object, java.lang.Object, int, java.lang.Object)'> (0x00000000943cd7c8) 
thrown [t:\workspace\open\src\hotspot\share\interpreter\linkResolver.cpp, line 766]
Event: 7.731 Thread 0x0000020ff04c1f70 Exception <a 'java/lang/NoSuchMethodError'{0x00000000943d50b8}: 'java.lang.Object java.lang.invoke.DirectMethodHandle$Holder.newInvokeSpecial(java.lang.Object, java.lang.Object, int)'> (0x00000000943d50b8) 
thrown [t:\workspace\open\src\hotspot\share\interpreter\linkResolver.cpp, line 766]
Event: 7.738 Thread 0x0000020ff04c1f70 Exception <a 'java/lang/IncompatibleClassChangeError'{0x00000000943fcb10}: Found class java.lang.Object, but interface was expected> (0x00000000943fcb10) 
thrown [t:\workspace\open\src\hotspot\share\interpreter\linkResolver.cpp, line 833]
Event: 7.788 Thread 0x0000020ff04c1f70 Exception <a 'java/lang/reflect/InvocationTargetException'{0x00000000941a5c58}> (0x00000000941a5c58) 
thrown [t:\workspace\open\src\hotspot\share\runtime\reflection.cpp, line 1121]
Event: 7.994 Thread 0x0000020ff04c1f70 Exception <a 'java/io/FileNotFoundException'{0x0000000093745cc8}> (0x0000000093745cc8) 
thrown [t:\workspace\open\src\hotspot\share\prims\jni.cpp, line 516]
Event: 7.994 Thread 0x0000020ff04c1f70 Exception <a 'java/io/FileNotFoundException'{0x0000000093746c98}> (0x0000000093746c98) 
thrown [t:\workspace\open\src\hotspot\share\prims\jni.cpp, line 516]

VM Operations (20 events):
Event: 5.801 Executing VM operation: HandshakeAllThreads done
Event: 5.808 Executing VM operation: HandshakeAllThreads
Event: 5.808 Executing VM operation: HandshakeAllThreads done
Event: 6.046 Executing VM operation: HandshakeAllThreads
Event: 6.046 Executing VM operation: HandshakeAllThreads done
Event: 6.358 Executing VM operation: CollectForMetadataAllocation
Event: 6.363 Executing VM operation: CollectForMetadataAllocation done
Event: 6.383 Executing VM operation: G1Concurrent
Event: 6.386 Executing VM operation: G1Concurrent done
Event: 6.394 Executing VM operation: G1Concurrent
Event: 6.394 Executing VM operation: G1Concurrent done
Event: 6.801 Executing VM operation: ICBufferFull
Event: 6.801 Executing VM operation: ICBufferFull done
Event: 7.414 Executing VM operation: G1CollectForAllocation
Event: 7.425 Executing VM operation: G1CollectForAllocation done
Event: 7.687 Executing VM operation: HandshakeAllThreads
Event: 7.687 Executing VM operation: HandshakeAllThreads done
Event: 7.688 Executing VM operation: HandshakeAllThreads
Event: 7.688 Executing VM operation: HandshakeAllThreads done
Event: 8.034 Executing VM operation: G1CollectForAllocation

Events (20 events):
Event: 7.674 Thread 0x0000020f84b64710 Thread added: 0x0000020f84b64710
Event: 7.679 loading class sun/reflect/misc/MethodUtil
Event: 7.679 loading class sun/reflect/misc/MethodUtil done
Event: 7.679 loading class sun/reflect/misc/MethodUtil$1
Event: 7.679 loading class sun/reflect/misc/MethodUtil$1 done
Event: 7.684 Thread 0x0000020f84b64710 Thread exited: 0x0000020f84b64710
Event: 7.728 loading class java/util/regex/Pattern$Pos
Event: 7.728 loading class java/util/regex/Pattern$Pos done
Event: 7.774 loading class java/util/regex/Pattern$LookBehindEndNode
Event: 7.774 loading class java/util/regex/Pattern$LookBehindEndNode done
Event: 7.774 loading class java/util/regex/Pattern$NotBehind
Event: 7.774 loading class java/util/regex/Pattern$NotBehind done
Event: 7.775 loading class java/util/regex/Pattern$Behind
Event: 7.775 loading class java/util/regex/Pattern$Behind done
Event: 7.834 loading class java/io/StringReader
Event: 7.834 loading class java/io/StringReader done
Event: 7.994 loading class java/io/FileReader
Event: 7.994 loading class java/io/FileReader done
Event: 8.024 loading class java/text/CalendarBuilder
Event: 8.024 loading class java/text/CalendarBuilder done


Dynamic libraries:
0x00007ff6983b0000 - 0x00007ff6983be000 	C:\Users\Julia\.jdks\openjdk-17.0.1\bin\java.exe
0x00007ffb75e10000 - 0x00007ffb76005000 	C:\WINDOWS\SYSTEM32\ntdll.dll
0x00007ffb754b0000 - 0x00007ffb7556d000 	C:\WINDOWS\System32\KERNEL32.DLL
0x00007ffb73620000 - 0x00007ffb738ed000 	C:\WINDOWS\System32\KERNELBASE.dll
0x00007ffb73520000 - 0x00007ffb73620000 	C:\WINDOWS\System32\ucrtbase.dll
0x00007ffb6e810000 - 0x00007ffb6e82a000 	C:\Users\Julia\.jdks\openjdk-17.0.1\bin\VCRUNTIME140.dll
0x00007ffb6e7f0000 - 0x00007ffb6e808000 	C:\Users\Julia\.jdks\openjdk-17.0.1\bin\jli.dll
0x00007ffb75310000 - 0x00007ffb754b0000 	C:\WINDOWS\System32\USER32.dll
0x00007ffb738f0000 - 0x00007ffb73912000 	C:\WINDOWS\System32\win32u.dll
0x00007ffb624a0000 - 0x00007ffb6273a000 	C:\WINDOWS\WinSxS\amd64_microsoft.windows.common-controls_6595b64144ccf1df_6.0.19041.1110_none_60b5254171f9507e\COMCTL32.dll
0x00007ffb75a40000 - 0x00007ffb75a6a000 	C:\WINDOWS\System32\GDI32.dll
0x00007ffb74fb0000 - 0x00007ffb7504e000 	C:\WINDOWS\System32\msvcrt.dll
0x00007ffb73a80000 - 0x00007ffb73b8b000 	C:\WINDOWS\System32\gdi32full.dll
0x00007ffb73d30000 - 0x00007ffb73dcd000 	C:\WINDOWS\System32\msvcp_win.dll
0x00007ffb75600000 - 0x00007ffb75630000 	C:\WINDOWS\System32\IMM32.DLL
0x00007ffb6eb40000 - 0x00007ffb6eb4c000 	C:\Users\Julia\.jdks\openjdk-17.0.1\bin\vcruntime140_1.dll
0x00007ffb62ad0000 - 0x00007ffb62b5d000 	C:\Users\Julia\.jdks\openjdk-17.0.1\bin\msvcp140.dll
0x00007ffb42620000 - 0x00007ffb431de000 	C:\Users\Julia\.jdks\openjdk-17.0.1\bin\server\jvm.dll
0x00007ffb73e60000 - 0x00007ffb73f0e000 	C:\WINDOWS\System32\ADVAPI32.dll
0x00007ffb751f0000 - 0x00007ffb7528c000 	C:\WINDOWS\System32\sechost.dll
0x00007ffb75050000 - 0x00007ffb75175000 	C:\WINDOWS\System32\RPCRT4.dll
0x00007ffb75180000 - 0x00007ffb75188000 	C:\WINDOWS\System32\PSAPI.DLL
0x00007ffb5afa0000 - 0x00007ffb5afa9000 	C:\WINDOWS\SYSTEM32\WSOCK32.dll
0x00007ffb69030000 - 0x00007ffb69057000 	C:\WINDOWS\SYSTEM32\WINMM.dll
0x00007ffb69060000 - 0x00007ffb6906a000 	C:\WINDOWS\SYSTEM32\VERSION.dll
0x00007ffb75290000 - 0x00007ffb752fb000 	C:\WINDOWS\System32\WS2_32.dll
0x00007ffb71e00000 - 0x00007ffb71e12000 	C:\WINDOWS\SYSTEM32\kernel.appcore.dll
0x00007ffb6e790000 - 0x00007ffb6e79a000 	C:\Users\Julia\.jdks\openjdk-17.0.1\bin\jimage.dll
0x00007ffb71610000 - 0x00007ffb717f4000 	C:\WINDOWS\SYSTEM32\DBGHELP.DLL
0x00007ffb5d790000 - 0x00007ffb5d7bc000 	C:\WINDOWS\SYSTEM32\dbgcore.DLL
0x00007ffb73dd0000 - 0x00007ffb73e52000 	C:\WINDOWS\System32\bcryptPrimitives.dll
0x00007ffb6da70000 - 0x00007ffb6da7e000 	C:\Users\Julia\.jdks\openjdk-17.0.1\bin\instrument.dll
0x00007ffb6e760000 - 0x00007ffb6e785000 	C:\Users\Julia\.jdks\openjdk-17.0.1\bin\java.dll
0x00007ffb54740000 - 0x00007ffb54816000 	C:\Users\Julia\.jdks\openjdk-17.0.1\bin\svml.dll
0x00007ffb74170000 - 0x00007ffb748b4000 	C:\WINDOWS\System32\SHELL32.dll
0x00007ffb70da0000 - 0x00007ffb71534000 	C:\WINDOWS\SYSTEM32\windows.storage.dll
0x00007ffb75a70000 - 0x00007ffb75dc4000 	C:\WINDOWS\System32\combase.dll
0x00007ffb72eb0000 - 0x00007ffb72edc000 	C:\WINDOWS\SYSTEM32\Wldp.dll
0x00007ffb74e90000 - 0x00007ffb74f3d000 	C:\WINDOWS\System32\SHCORE.dll
0x00007ffb74030000 - 0x00007ffb74085000 	C:\WINDOWS\System32\shlwapi.dll
0x00007ffb73460000 - 0x00007ffb7347f000 	C:\WINDOWS\SYSTEM32\profapi.dll
0x00007ffb6b990000 - 0x00007ffb6b9a8000 	C:\Users\Julia\.jdks\openjdk-17.0.1\bin\zip.dll
0x00007ffb6e740000 - 0x00007ffb6e759000 	C:\Users\Julia\.jdks\openjdk-17.0.1\bin\net.dll
0x00007ffb65b30000 - 0x00007ffb65c3a000 	C:\WINDOWS\SYSTEM32\WINHTTP.dll
0x00007ffb72c10000 - 0x00007ffb72c7a000 	C:\WINDOWS\system32\mswsock.dll
0x00007ffb6e720000 - 0x00007ffb6e735000 	C:\Users\Julia\.jdks\openjdk-17.0.1\bin\nio.dll
0x00007ffb6b4f0000 - 0x00007ffb6b50a000 	C:\Program Files\JetBrains\IntelliJ IDEA 2021.2.1\bin\breakgen64.dll
0x00007ffb72940000 - 0x00007ffb72a0b000 	C:\WINDOWS\SYSTEM32\DNSAPI.dll
0x00007ffb72900000 - 0x00007ffb7293b000 	C:\WINDOWS\SYSTEM32\IPHLPAPI.DLL
0x00007ffb74fa0000 - 0x00007ffb74fa8000 	C:\WINDOWS\System32\NSI.dll
0x00007ffb64180000 - 0x00007ffb6418a000 	C:\Windows\System32\rasadhlp.dll
0x00007ffb63e80000 - 0x00007ffb63f00000 	C:\WINDOWS\System32\fwpuclnt.dll
0x00007ffb73d00000 - 0x00007ffb73d27000 	C:\WINDOWS\System32\bcrypt.dll
0x00007ffb6b4a0000 - 0x00007ffb6b4a9000 	C:\Users\Julia\.jdks\openjdk-17.0.1\bin\management.dll
0x00007ffb6b260000 - 0x00007ffb6b26b000 	C:\Users\Julia\.jdks\openjdk-17.0.1\bin\management_ext.dll
0x00007ffb72e10000 - 0x00007ffb72e28000 	C:\WINDOWS\SYSTEM32\CRYPTSP.dll
0x00007ffb72590000 - 0x00007ffb725c4000 	C:\WINDOWS\system32\rsaenh.dll
0x00007ffb73420000 - 0x00007ffb7344e000 	C:\WINDOWS\SYSTEM32\USERENV.dll
0x00007ffb72e00000 - 0x00007ffb72e0c000 	C:\WINDOWS\SYSTEM32\CRYPTBASE.dll
0x00007ffb69370000 - 0x00007ffb69387000 	C:\WINDOWS\SYSTEM32\dhcpcsvc6.DLL
0x00007ffb69250000 - 0x00007ffb6926d000 	C:\WINDOWS\SYSTEM32\dhcpcsvc.DLL
0x00007ffb4b090000 - 0x00007ffb4b0a7000 	C:\WINDOWS\system32\napinsp.dll
0x00007ffb4b070000 - 0x00007ffb4b08b000 	C:\WINDOWS\system32\pnrpnsp.dll
0x00007ffb6dc20000 - 0x00007ffb6dc35000 	C:\WINDOWS\system32\wshbth.dll
0x00007ffb6e540000 - 0x00007ffb6e55d000 	C:\WINDOWS\system32\NLAapi.dll
0x00007ffb4b050000 - 0x00007ffb4b062000 	C:\WINDOWS\System32\winrnr.dll
0x00007ffb617d0000 - 0x00007ffb617de000 	C:\Users\Julia\.jdks\openjdk-17.0.1\bin\sunmscapi.dll
0x00007ffb73920000 - 0x00007ffb73a76000 	C:\WINDOWS\System32\CRYPT32.dll
0x00007ffb72f20000 - 0x00007ffb72f47000 	C:\WINDOWS\SYSTEM32\ncrypt.dll
0x00007ffb72ee0000 - 0x00007ffb72f1b000 	C:\WINDOWS\SYSTEM32\NTASN1.dll

dbghelp: loaded successfully - version: 4.0.5 - missing functions: none
symbol engine: initialized successfully - sym options: 0x614 - pdb path: .;C:\Users\Julia\.jdks\openjdk-17.0.1\bin;C:\WINDOWS\SYSTEM32;C:\WINDOWS\WinSxS\amd64_microsoft.windows.common-controls_6595b64144ccf1df_6.0.19041.1110_none_60b5254171f9507e;C:\Users\Julia\.jdks\openjdk-17.0.1\bin\server;C:\Program Files\JetBrains\IntelliJ IDEA 2021.2.1\bin

VM Arguments:
jvm_args: -XX:TieredStopAtLevel=1 -Xverify:none -Dspring.output.ansi.enabled=always -javaagent:C:\Program Files\JetBrains\IntelliJ IDEA 2021.2.1\lib\idea_rt.jar=61521:C:\Program Files\JetBrains\IntelliJ IDEA 2021.2.1\bin -Dcom.sun.management.jmxremote -Dspring.jmx.enabled=true -Dspring.liveBeansView.mbeanDomain -Dspring.application.admin.enabled=true -Dfile.encoding=UTF-8 
java_command: ru.itis.shop.ShopApplication
java_class_path (initial): C:\\3 \Term_project\shop\target\classes;C:\Users\Julia\.m2\repository\org\springframework\boot\spring-boot-starter-security\2.4.5\spring-boot-starter-security-2.4.5.jar;C:\Users\Julia\.m2\repository\org\springframework\boot\spring-boot-starter\2.4.5\spring-boot-starter-2.4.5.jar;C:\Users\Julia\.m2\repository\org\springframework\boot\spring-boot\2.4.5\spring-boot-2.4.5.jar;C:\Users\Julia\.m2\repository\org\springframework\boot\spring-boot-autoconfigure\2.4.5\spring-boot-autoconfigure-2.4.5.jar;C:\Users\Julia\.m2\repository\org\springframework\boot\spring-boot-starter-logging\2.4.5\spring-boot-starter-logging-2.4.5.jar;C:\Users\Julia\.m2\repository\ch\qos\logback\logback-classic\1.2.3\logback-classic-1.2.3.jar;C:\Users\Julia\.m2\repository\ch\qos\logback\logback-core\1.2.3\logback-core-1.2.3.jar;C:\Users\Julia\.m2\repository\org\apache\logging\log4j\log4j-to-slf4j\2.13.3\log4j-to-slf4j-2.13.3.jar;C:\Users\Julia\.m2\repository\org\apache\logging\log4j\log4j-api\2.13.3\log4j-api-2.13.3.jar;C:\Users\Julia\.m2\repository\org\slf4j\jul-to-slf4j\1.7.30\jul-to-slf4j-1.7.30.jar;C:\Users\Julia\.m2\repository\jakarta\annotation\jakarta.annotation-api\1.3.5\jakarta.annotation-api-1.3.5.jar;C:\Users\Julia\.m2\repository\org\yaml\snakeyaml\1.27\snakeyaml-1.27.jar;C:\Users\Julia\.m2\repository\org\springframework\spring-aop\5.3.6\spring-aop-5.3.6.jar;C:\Users\Julia\.m2\repository\org\springframework\boot\spring-boot-starter-thymeleaf\2.4.5\spring-boot-starter-thymeleaf-2.4.5.jar;C:\Users\Julia\.m2\repository\org\thymeleaf\thymeleaf-spring5\3.0.12.RELEASE\thymeleaf-spring5-3.0.12.RELEASE.jar;C:\Users\Julia\.m2\repository\org\thymeleaf\thymeleaf\3.0.12.RELEASE\thymeleaf-3.0.12.RELEASE.jar;C:\Users\Julia\.m2\repository\org\attoparser\attoparser\2.0.5.RELEASE\attoparser-2.0.5.RELEASE.jar;C:\Users\Julia\.m2\repository\org\unbescape\unbescape\1.1.6.RELEASE\unbescape-1.1.6.RELEASE.jar;C:\Users\Julia\.m2\repository\org\thymeleaf\extras\thymeleaf-ext
Launcher Type: SUN_STANDARD

[Global flags]
     intx CICompilerCount                          = 4                                         {product} {ergonomic}
     uint ConcGCThreads                            = 2                                         {product} {ergonomic}
     uint G1ConcRefinementThreads                  = 8                                         {product} {ergonomic}
   size_t G1HeapRegionSize                         = 1048576                                   {product} {ergonomic}
    uintx GCDrainStackTargetSize                   = 64                                        {product} {ergonomic}
   size_t InitialHeapSize                          = 117440512                                 {product} {ergonomic}
     bool ManagementServer                         = true                                      {product} {command line}
   size_t MarkStackSize                            = 4194304                                   {product} {ergonomic}
   size_t MaxHeapSize                              = 1862270976                                {product} {ergonomic}
   size_t MaxNewSize                               = 1116733440                                {product} {ergonomic}
   size_t MinHeapDeltaBytes                        = 1048576                                   {product} {ergonomic}
   size_t MinHeapSize                              = 8388608                                   {product} {ergonomic}
    uintx NonProfiledCodeHeapSize                  = 0                                      {pd product} {ergonomic}
     bool ProfileInterpreter                       = false                                  {pd product} {command line}
    uintx ProfiledCodeHeapSize                     = 0                                      {pd product} {ergonomic}
   size_t SoftMaxHeapSize                          = 1862270976                             {manageable} {ergonomic}
     intx TieredStopAtLevel                        = 1                                         {product} {command line}
     bool UseCompressedClassPointers               = true                           {product lp64_product} {ergonomic}
     bool UseCompressedOops                        = true                           {product lp64_product} {ergonomic}
     bool UseG1GC                                  = true                                      {product} {ergonomic}
     bool UseLargePagesIndividualAllocation        = false                                  {pd product} {ergonomic}

Logging:
Log output configuration:
 #0: stdout all=warning uptime,level,tags
 #1: stderr all=off uptime,level,tags

Environment Variables:
JAVA_HOME=C:\Program Files\Java\jdk-14.0.2
PATH=C:\WINDOWS\system32;C:\WINDOWS;C:\WINDOWS\System32\Wbem;C:\WINDOWS\System32\WindowsPowerShell\v1.0\;C:\WINDOWS\System32\OpenSSH\;C:\Program Files\Java\jdk-14.0.2\bin;C:\Program Files\Git\cmd;C:\MinGW\bin;C:\Program Files\nodejs\;C:\Users\Julia\AppData\Local\Microsoft\WindowsApps;;C:\Program Files\JetBrains\IntelliJ IDEA Community Edition 2021.2.1\bin;;C:\Users\Julia\AppData\Local\Programs\Microsoft VS Code\bin;C:\Program Files\JetBrains\IntelliJ IDEA 2021.2.1\bin;;C:\Program Files\JetBrains\DataGrip 2021.2.2\bin;;C:\Program Files\JetBrains\WebStorm 2021.2.1\bin;;C:\Users\Julia\AppData\Roaming\npm
USERNAME=Julia
OS=Windows_NT
PROCESSOR_IDENTIFIER=AMD64 Family 23 Model 24 Stepping 1, AuthenticAMD



---------------  S Y S T E M  ---------------

OS:
 Windows 10 , 64 bit Build 19041 (10.0.19041.1706)
OS uptime: 0 days 23:30 hours

CPU: total 8 (initial active 8) (8 cores per cpu, 2 threads per core) family 23 model 24 stepping 1 microcode 0x0, cx8, cmov, fxsr, ht, mmx, 3dnowpref, sse, sse2, sse3, ssse3, sse4a, sse4.1, sse4.2, popcnt, lzcnt, tsc, tscinvbit, avx, avx2, aes, clmul, bmi1, bmi2, adx, sha, fma, vzeroupper, clflush, clflushopt

Memory: 4k page, system-wide physical 7103M (585M free)
TotalPageFile size 7103M (AvailPageFile size 8M)
current process WorkingSet (physical memory assigned to process): 184M, peak: 184M
current process commit charge ("private bytes"): 270M, peak: 303M

vm_info: OpenJDK 64-Bit Server VM (17.0.1+12-39) for windows-amd64 JRE (17.0.1+12-39), built on Sep 27 2021 18:39:29 by "mach5one" with MS VC++ 16.8 (VS2019)

END.
