#
# There is insufficient memory for the Java Runtime Environment to continue.
# Native memory allocation (mmap) failed to map 77594624 bytes for G1 virtual space
# Possible reasons:
#   The system is out of physical RAM or swap space
#   The process is running with CompressedOops enabled, and the Java Heap may be blocking the growth of the native heap
# Possible solutions:
#   Reduce memory load on the system
#   Increase physical memory or swap space
#   Check if swap backing store is full
#   Decrease Java heap size (-Xmx/-Xms)
#   Decrease number of Java threads
#   Decrease Java thread stack sizes (-Xss)
#   Set larger code cache with -XX:ReservedCodeCacheSize=
#   JVM is running with Unscaled Compressed Oops mode in which the Java heap is
#     placed in the first 4GB address space. The Java Heap base address is the
#     maximum limit for the native heap growth. Please use -XX:HeapBaseMinAddress
#     to set the Java Heap base and to place the Java Heap above 4GB virtual address.
# This output file may be truncated or incomplete.
#
#  Out of Memory Error (os_windows.cpp:3469), pid=12260, tid=808
#
# JRE version: OpenJDK Runtime Environment (17.0.1+12) (build 17.0.1+12-39)
# Java VM: OpenJDK 64-Bit Server VM (17.0.1+12-39, mixed mode, emulated-client, sharing, tiered, compressed oops, compressed class ptrs, g1 gc, windows-amd64)
# No core dump will be written. Minidumps are not enabled by default on client versions of Windows
#

---------------  S U M M A R Y ------------

Command Line: -XX:TieredStopAtLevel=1 -Xverify:none -Dspring.output.ansi.enabled=always -javaagent:C:\Program Files\JetBrains\IntelliJ IDEA 2021.2.1\lib\idea_rt.jar=60687:C:\Program Files\JetBrains\IntelliJ IDEA 2021.2.1\bin -Dcom.sun.management.jmxremote -Dspring.jmx.enabled=true -Dspring.liveBeansView.mbeanDomain -Dspring.application.admin.enabled=true -Dfile.encoding=UTF-8 ru.itis.shop.ShopApplication

Host: AMD Ryzen 5 3500U with Radeon Vega Mobile Gfx  , 8 cores, 6G,  Windows 10 , 64 bit Build 19041 (10.0.19041.1706)
Time: Tue May 17 11:03:08 2022 RTZ 2 (s 10 , 64 bit Build 19041 (10.0.19041.1706) elapsed time: 17.172154 seconds (0d 0h 0m 17s)

---------------  T H R E A D  ---------------

Current thread (0x00000140e6b16a50):  VMThread "VM Thread" [stack: 0x00000007ebe00000,0x00000007ebf00000] [id=808]

Stack: [0x00000007ebe00000,0x00000007ebf00000]
Native frames: (J=compiled Java code, j=interpreted, Vv=VM code, C=native code)
V  [jvm.dll+0x66fa1a]
V  [jvm.dll+0x7ce5a4]
V  [jvm.dll+0x7cfd4e]
V  [jvm.dll+0x7d03b3]
V  [jvm.dll+0x242b05]
V  [jvm.dll+0x66ca39]
V  [jvm.dll+0x661502]
V  [jvm.dll+0x30081b]
V  [jvm.dll+0x307da6]
V  [jvm.dll+0x357a1e]
V  [jvm.dll+0x357c4f]
V  [jvm.dll+0x2d7ad8]
V  [jvm.dll+0x2d5da4]
V  [jvm.dll+0x2d53ac]
V  [jvm.dll+0x318d0b]
V  [jvm.dll+0x7d484b]
V  [jvm.dll+0x7d5584]
V  [jvm.dll+0x7d5a9c]
V  [jvm.dll+0x7d5e74]
V  [jvm.dll+0x7d5f40]
V  [jvm.dll+0x77e91a]
V  [jvm.dll+0x66e845]
C  [ucrtbase.dll+0x21bb2]
C  [KERNEL32.DLL+0x17034]
C  [ntdll.dll+0x52651]

VM_Operation (0x00000007ee3fa3e0): G1CollectForAllocation, mode: safepoint, requested by thread 0x00000140e9382bc0


---------------  P R O C E S S  ---------------

Threads class SMR info:
_java_thread_list=0x00000140ebaca940, length=33, elements={
0x00000140e6b1d200, 0x00000140e6b1e810, 0x00000140e6b38dd0, 0x00000140e6b3b7a0,
0x00000140e6b3c060, 0x00000140e6b3c920, 0x00000140e6b3d6a0, 0x00000140e6b3dfa0,
0x00000140e7553df0, 0x00000140e7559280, 0x00000140e7a3c9b0, 0x00000140e7a415c0,
0x00000140e7bf8660, 0x00000140e7d5d010, 0x00000140e9ae6860, 0x00000140e9805040,
0x00000140e9805510, 0x00000140e98c8430, 0x00000140e9c24020, 0x00000140e9380a10,
0x00000140e9380ee0, 0x00000140e9382bc0, 0x00000140e9380070, 0x00000140e9383090,
0x00000140e9383560, 0x00000140e9383a30, 0x00000140e9381d50, 0x00000140e9380540,
0x00000140e9381880, 0x00000140e93826f0, 0x00000140e93813b0, 0x00000140ebc70aa0,
0x00000140ebc76140
}

Java Threads: ( => current thread )
  0x00000140e6b1d200 JavaThread "Reference Handler" daemon [_thread_blocked, id=14564, stack(0x00000007ebf00000,0x00000007ec000000)]
  0x00000140e6b1e810 JavaThread "Finalizer" daemon [_thread_blocked, id=10420, stack(0x00000007ec000000,0x00000007ec100000)]
  0x00000140e6b38dd0 JavaThread "Signal Dispatcher" daemon [_thread_blocked, id=4876, stack(0x00000007ec100000,0x00000007ec200000)]
  0x00000140e6b3b7a0 JavaThread "Attach Listener" daemon [_thread_blocked, id=13780, stack(0x00000007ec200000,0x00000007ec300000)]
  0x00000140e6b3c060 JavaThread "Service Thread" daemon [_thread_blocked, id=6804, stack(0x00000007ec300000,0x00000007ec400000)]
  0x00000140e6b3c920 JavaThread "Monitor Deflation Thread" daemon [_thread_blocked, id=11308, stack(0x00000007ec400000,0x00000007ec500000)]
  0x00000140e6b3d6a0 JavaThread "C1 CompilerThread0" daemon [_thread_blocked, id=6772, stack(0x00000007ec500000,0x00000007ec600000)]
  0x00000140e6b3dfa0 JavaThread "Sweeper thread" daemon [_thread_blocked, id=3372, stack(0x00000007ec600000,0x00000007ec700000)]
  0x00000140e7553df0 JavaThread "Common-Cleaner" daemon [_thread_blocked, id=15468, stack(0x00000007ec700000,0x00000007ec800000)]
  0x00000140e7559280 JavaThread "C1 CompilerThread1" daemon [_thread_blocked, id=1204, stack(0x00000007ec800000,0x00000007ec900000)]
  0x00000140e7a3c9b0 JavaThread "Monitor Ctrl-Break" daemon [_thread_in_native, id=13400, stack(0x00000007ec900000,0x00000007eca00000)]
  0x00000140e7a415c0 JavaThread "Notification Thread" daemon [_thread_blocked, id=11664, stack(0x00000007eca00000,0x00000007ecb00000)]
  0x00000140e7bf8660 JavaThread "C1 CompilerThread2" daemon [_thread_blocked, id=13644, stack(0x00000007ecb00000,0x00000007ecc00000)]
  0x00000140e7d5d010 JavaThread "RMI TCP Accept-0" daemon [_thread_in_native, id=11404, stack(0x00000007ecd00000,0x00000007ece00000)]
  0x00000140e9ae6860 JavaThread "Catalina-utility-1" [_thread_blocked, id=11680, stack(0x00000007ed900000,0x00000007eda00000)]
  0x00000140e9805040 JavaThread "Catalina-utility-2" [_thread_blocked, id=5604, stack(0x00000007eda00000,0x00000007edb00000)]
  0x00000140e9805510 JavaThread "container-0" [_thread_blocked, id=2428, stack(0x00000007edb00000,0x00000007edc00000)]
  0x00000140e98c8430 JavaThread "PostgreSQL-JDBC-SharedTimer-1" daemon [_thread_blocked, id=10468, stack(0x00000007edd00000,0x00000007ede00000)]
  0x00000140e9c24020 JavaThread "HikariPool-1 housekeeper" daemon [_thread_blocked, id=14308, stack(0x00000007ede00000,0x00000007edf00000)]
  0x00000140e9380a10 JavaThread "http-nio-8080-BlockPoller" daemon [_thread_in_native, id=14680, stack(0x00000007ee100000,0x00000007ee200000)]
  0x00000140e9380ee0 JavaThread "http-nio-8080-exec-1" daemon [_thread_blocked, id=2144, stack(0x00000007ee200000,0x00000007ee300000)]
  0x00000140e9382bc0 JavaThread "http-nio-8080-exec-2" daemon [_thread_blocked, id=10136, stack(0x00000007ee300000,0x00000007ee400000)]
  0x00000140e9380070 JavaThread "http-nio-8080-exec-3" daemon [_thread_blocked, id=15340, stack(0x00000007ee400000,0x00000007ee500000)]
  0x00000140e9383090 JavaThread "http-nio-8080-exec-4" daemon [_thread_blocked, id=11288, stack(0x00000007ee500000,0x00000007ee600000)]
  0x00000140e9383560 JavaThread "http-nio-8080-exec-5" daemon [_thread_blocked, id=14752, stack(0x00000007ee600000,0x00000007ee700000)]
  0x00000140e9383a30 JavaThread "http-nio-8080-exec-6" daemon [_thread_blocked, id=9556, stack(0x00000007ee700000,0x00000007ee800000)]
  0x00000140e9381d50 JavaThread "http-nio-8080-exec-7" daemon [_thread_blocked, id=15248, stack(0x00000007ee800000,0x00000007ee900000)]
  0x00000140e9380540 JavaThread "http-nio-8080-exec-8" daemon [_thread_blocked, id=3800, stack(0x00000007ee900000,0x00000007eea00000)]
  0x00000140e9381880 JavaThread "http-nio-8080-exec-9" daemon [_thread_blocked, id=12876, stack(0x00000007eea00000,0x00000007eeb00000)]
  0x00000140e93826f0 JavaThread "http-nio-8080-exec-10" daemon [_thread_blocked, id=14416, stack(0x00000007eeb00000,0x00000007eec00000)]
  0x00000140e93813b0 JavaThread "http-nio-8080-ClientPoller" daemon [_thread_in_native, id=12984, stack(0x00000007eec00000,0x00000007eed00000)]
  0x00000140ebc70aa0 JavaThread "http-nio-8080-Acceptor" daemon [_thread_in_native, id=1280, stack(0x00000007eed00000,0x00000007eee00000)]
  0x00000140ebc76140 JavaThread "DestroyJavaVM" [_thread_blocked, id=12492, stack(0x00000007eb800000,0x00000007eb900000)]

Other Threads:
=>0x00000140e6b16a50 VMThread "VM Thread" [stack: 0x00000007ebe00000,0x00000007ebf00000] [id=808]
  0x00000140e7be3eb0 WatcherThread [stack: 0x00000007ece00000,0x00000007ecf00000] [id=11704]
  0x00000140d560ca20 GCTaskThread "GC Thread#0" [stack: 0x00000007eb900000,0x00000007eba00000] [id=16212]
  0x00000140e7f6df80 GCTaskThread "GC Thread#1" [stack: 0x00000007ecf00000,0x00000007ed000000] [id=1248]
  0x00000140e7fdf0a0 GCTaskThread "GC Thread#2" [stack: 0x00000007ed000000,0x00000007ed100000] [id=13896]
  0x00000140e7fdf350 GCTaskThread "GC Thread#3" [stack: 0x00000007ed100000,0x00000007ed200000] [id=16192]
  0x00000140e7fdf600 GCTaskThread "GC Thread#4" [stack: 0x00000007ed200000,0x00000007ed300000] [id=10768]
  0x00000140e7fe78c0 GCTaskThread "GC Thread#5" [stack: 0x00000007ed300000,0x00000007ed400000] [id=15328]
  0x00000140e7fe7ff0 GCTaskThread "GC Thread#6" [stack: 0x00000007ed400000,0x00000007ed500000] [id=10860]
  0x00000140e7fe82a0 GCTaskThread "GC Thread#7" [stack: 0x00000007ed500000,0x00000007ed600000] [id=7728]
  0x00000140d344ed00 ConcurrentGCThread "G1 Main Marker" [stack: 0x00000007eba00000,0x00000007ebb00000] [id=8780]
  0x00000140d561c2a0 ConcurrentGCThread "G1 Conc#0" [stack: 0x00000007ebb00000,0x00000007ebc00000] [id=13444]
  0x00000140e999dd50 ConcurrentGCThread "G1 Conc#1" [stack: 0x00000007ed800000,0x00000007ed900000] [id=16352]
  0x00000140d5693140 ConcurrentGCThread "G1 Refine#0" [stack: 0x00000007ebc00000,0x00000007ebd00000] [id=9408]
  0x00000140e7697b40 ConcurrentGCThread "G1 Refine#1" [stack: 0x00000007ed600000,0x00000007ed700000] [id=14812]
  0x00000140e7f9a720 ConcurrentGCThread "G1 Refine#2" [stack: 0x00000007ed700000,0x00000007ed800000] [id=11736]
  0x00000140e9fce430 ConcurrentGCThread "G1 Refine#3" [stack: 0x00000007ee000000,0x00000007ee100000] [id=7968]
  0x00000140d5693b60 ConcurrentGCThread "G1 Service" [stack: 0x00000007ebd00000,0x00000007ebe00000] [id=14984]

Threads with active compile tasks:

VM state: at safepoint (normal execution)

VM Mutex/Monitor currently owned by a thread:  ([mutex/lock_event])
[0x00000140d55d18f0] Threads_lock - owner thread: 0x00000140e6b16a50
[0x00000140d55d3000] Heap_lock - owner thread: 0x00000140e9382bc0

Heap address: 0x0000000091000000, size: 1776 MB, Compressed Oops mode: 32-bit

CDS archive(s) mapped at: [0x0000000800000000-0x0000000800bc0000-0x0000000800bc0000), size 12320768, SharedBaseAddress: 0x0000000800000000, ArchiveRelocationMode: 0.
Compressed class space mapped at: 0x0000000800c00000-0x0000000840c00000, reserved size: 1073741824
Narrow klass base: 0x0000000800000000, Narrow klass shift: 0, Narrow klass range: 0x100000000

GC Precious Log:
 CPUs: 8 total, 8 available
 Memory: 7103M
 Large Page Support: Disabled
 NUMA Support: Disabled
 Compressed Oops: Enabled (32-bit)
 Heap Region Size: 1M
 Heap Min Capacity: 8M
 Heap Initial Capacity: 112M
 Heap Max Capacity: 1776M
 Pre-touch: Disabled
 Parallel Workers: 8
 Concurrent Workers: 2
 Concurrent Refinement Workers: 8
 Periodic GC: Disabled

Heap:
 garbage-first heap   total 166912K, used 33761K [0x0000000091000000, 0x0000000100000000)
  region size 1024K, 4 young (4096K), 4 survivors (4096K)
 Metaspace       used 55505K, committed 55936K, reserved 1097728K
  class space    used 7756K, committed 7936K, reserved 1048576K

Heap Regions: E=young(eden), S=young(survivor), O=old, HS=humongous(starts), HC=humongous(continues), CS=collection set, F=free, OA=open archive, CA=closed archive, TAMS=top-at-mark-start (previous, next)
|   0|0x0000000091000000, 0x0000000091100000, 0x0000000091100000|100%|HS|  |TAMS 0x0000000091100000, 0x0000000091000000| Complete 
|   1|0x0000000091100000, 0x0000000091200000, 0x0000000091200000|100%| O|  |TAMS 0x0000000091200000, 0x0000000091100000| Untracked 
|   2|0x0000000091200000, 0x0000000091300000, 0x0000000091300000|100%| O|  |TAMS 0x0000000091300000, 0x0000000091200000| Untracked 
|   3|0x0000000091300000, 0x0000000091400000, 0x0000000091400000|100%| O|  |TAMS 0x0000000091400000, 0x0000000091300000| Untracked 
|   4|0x0000000091400000, 0x0000000091500000, 0x0000000091500000|100%| O|  |TAMS 0x0000000091500000, 0x0000000091400000| Untracked 
|   5|0x0000000091500000, 0x0000000091600000, 0x0000000091600000|100%| O|  |TAMS 0x0000000091600000, 0x0000000091500000| Untracked 
|   6|0x0000000091600000, 0x0000000091700000, 0x0000000091700000|100%| O|  |TAMS 0x0000000091700000, 0x0000000091600000| Untracked 
|   7|0x0000000091700000, 0x0000000091800000, 0x0000000091800000|100%| O|  |TAMS 0x0000000091800000, 0x0000000091700000| Untracked 
|   8|0x0000000091800000, 0x0000000091900000, 0x0000000091900000|100%| O|  |TAMS 0x0000000091900000, 0x0000000091800000| Untracked 
|   9|0x0000000091900000, 0x0000000091a00000, 0x0000000091a00000|100%| O|  |TAMS 0x0000000091a00000, 0x0000000091900000| Untracked 
|  10|0x0000000091a00000, 0x0000000091b00000, 0x0000000091b00000|100%| O|  |TAMS 0x0000000091b00000, 0x0000000091a00000| Untracked 
|  11|0x0000000091b00000, 0x0000000091c00000, 0x0000000091c00000|100%| O|  |TAMS 0x0000000091c00000, 0x0000000091b00000| Untracked 
|  12|0x0000000091c00000, 0x0000000091d00000, 0x0000000091d00000|100%| O|  |TAMS 0x0000000091d00000, 0x0000000091c00000| Untracked 
|  13|0x0000000091d00000, 0x0000000091d00000, 0x0000000091e00000|  0%| F|  |TAMS 0x0000000091d00000, 0x0000000091d00000| Untracked 
|  14|0x0000000091e00000, 0x0000000091f00000, 0x0000000091f00000|100%| O|  |TAMS 0x0000000091f00000, 0x0000000091e00000| Untracked 
|  15|0x0000000091f00000, 0x0000000092000000, 0x0000000092000000|100%| O|  |TAMS 0x0000000092000000, 0x0000000091f00000| Untracked 
|  16|0x0000000092000000, 0x0000000092100000, 0x0000000092100000|100%| O|  |TAMS 0x0000000092100000, 0x0000000092000000| Untracked 
|  17|0x0000000092100000, 0x0000000092200000, 0x0000000092200000|100%| O|  |TAMS 0x0000000092200000, 0x0000000092100000| Untracked 
|  18|0x0000000092200000, 0x0000000092300000, 0x0000000092300000|100%| O|  |TAMS 0x0000000092300000, 0x0000000092200000| Untracked 
|  19|0x0000000092300000, 0x0000000092400000, 0x0000000092400000|100%| O|  |TAMS 0x0000000092400000, 0x0000000092300000| Untracked 
|  20|0x0000000092400000, 0x0000000092500000, 0x0000000092500000|100%| O|  |TAMS 0x0000000092500000, 0x0000000092400000| Untracked 
|  21|0x0000000092500000, 0x0000000092600000, 0x0000000092600000|100%| O|  |TAMS 0x0000000092600000, 0x0000000092500000| Untracked 
|  22|0x0000000092600000, 0x0000000092700000, 0x0000000092700000|100%| O|  |TAMS 0x0000000092700000, 0x0000000092600000| Untracked 
|  23|0x0000000092700000, 0x0000000092800000, 0x0000000092800000|100%| O|  |TAMS 0x0000000092700000, 0x0000000092700000| Untracked 
|  24|0x0000000092800000, 0x0000000092900000, 0x0000000092900000|100%| O|  |TAMS 0x00000000928a4a00, 0x0000000092800000| Untracked 
|  25|0x0000000092900000, 0x0000000092a00000, 0x0000000092a00000|100%| O|  |TAMS 0x0000000092900000, 0x0000000092900000| Untracked 
|  26|0x0000000092a00000, 0x0000000092b00000, 0x0000000092b00000|100%| O|  |TAMS 0x0000000092a00000, 0x0000000092a00000| Untracked 
|  27|0x0000000092b00000, 0x0000000092c00000, 0x0000000092c00000|100%| O|  |TAMS 0x0000000092b00000, 0x0000000092b00000| Untracked 
|  28|0x0000000092c00000, 0x0000000092d00000, 0x0000000092d00000|100%| O|  |TAMS 0x0000000092c00000, 0x0000000092c00000| Untracked 
|  29|0x0000000092d00000, 0x0000000092e00000, 0x0000000092e00000|100%| O|  |TAMS 0x0000000092d00000, 0x0000000092d00000| Untracked 
|  30|0x0000000092e00000, 0x0000000092e7e400, 0x0000000092f00000| 49%| O|  |TAMS 0x0000000092e00000, 0x0000000092e00000| Untracked 
|  31|0x0000000092f00000, 0x0000000092f00000, 0x0000000093000000|  0%| F|  |TAMS 0x0000000092f00000, 0x0000000092f00000| Untracked 
|  32|0x0000000093000000, 0x0000000093000000, 0x0000000093100000|  0%| F|  |TAMS 0x0000000093000000, 0x0000000093000000| Untracked 
|  33|0x0000000093100000, 0x0000000093100000, 0x0000000093200000|  0%| F|  |TAMS 0x0000000093100000, 0x0000000093100000| Untracked 
|  34|0x0000000093200000, 0x0000000093200000, 0x0000000093300000|  0%| F|  |TAMS 0x0000000093200000, 0x0000000093200000| Untracked 
|  35|0x0000000093300000, 0x0000000093300000, 0x0000000093400000|  0%| F|  |TAMS 0x0000000093300000, 0x0000000093300000| Untracked 
|  36|0x0000000093400000, 0x0000000093400000, 0x0000000093500000|  0%| F|  |TAMS 0x0000000093400000, 0x0000000093400000| Untracked 
|  37|0x0000000093500000, 0x0000000093500000, 0x0000000093600000|  0%| F|  |TAMS 0x0000000093500000, 0x0000000093500000| Untracked 
|  38|0x0000000093600000, 0x0000000093600000, 0x0000000093700000|  0%| F|  |TAMS 0x0000000093600000, 0x0000000093600000| Untracked 
|  39|0x0000000093700000, 0x0000000093700000, 0x0000000093800000|  0%| F|  |TAMS 0x0000000093700000, 0x0000000093700000| Untracked 
|  40|0x0000000093800000, 0x0000000093800000, 0x0000000093900000|  0%| F|  |TAMS 0x0000000093800000, 0x0000000093800000| Untracked 
|  41|0x0000000093900000, 0x0000000093900000, 0x0000000093a00000|  0%| F|  |TAMS 0x0000000093900000, 0x0000000093900000| Untracked 
|  42|0x0000000093a00000, 0x0000000093a7a090, 0x0000000093b00000| 47%| S|CS|TAMS 0x0000000093a00000, 0x0000000093a00000| Complete 
|  43|0x0000000093b00000, 0x0000000093c00000, 0x0000000093c00000|100%| S|CS|TAMS 0x0000000093b00000, 0x0000000093b00000| Complete 
|  44|0x0000000093c00000, 0x0000000093d00000, 0x0000000093d00000|100%| S|CS|TAMS 0x0000000093c00000, 0x0000000093c00000| Complete 
|  45|0x0000000093d00000, 0x0000000093e00000, 0x0000000093e00000|100%| S|CS|TAMS 0x0000000093d00000, 0x0000000093d00000| Complete 
|  46|0x0000000093e00000, 0x0000000093e00000, 0x0000000093f00000|  0%| F|  |TAMS 0x0000000093e00000, 0x0000000093e00000| Untracked 
|  47|0x0000000093f00000, 0x0000000093f00000, 0x0000000094000000|  0%| F|  |TAMS 0x0000000093f00000, 0x0000000093f00000| Untracked 
|  48|0x0000000094000000, 0x0000000094000000, 0x0000000094100000|  0%| F|  |TAMS 0x0000000094000000, 0x0000000094000000| Untracked 
|  49|0x0000000094100000, 0x0000000094100000, 0x0000000094200000|  0%| F|  |TAMS 0x0000000094100000, 0x0000000094100000| Untracked 
|  50|0x0000000094200000, 0x0000000094200000, 0x0000000094300000|  0%| F|  |TAMS 0x0000000094200000, 0x0000000094200000| Untracked 
|  51|0x0000000094300000, 0x0000000094300000, 0x0000000094400000|  0%| F|  |TAMS 0x0000000094300000, 0x0000000094300000| Untracked 
|  52|0x0000000094400000, 0x0000000094400000, 0x0000000094500000|  0%| F|  |TAMS 0x0000000094400000, 0x0000000094400000| Untracked 
|  53|0x0000000094500000, 0x0000000094500000, 0x0000000094600000|  0%| F|  |TAMS 0x0000000094500000, 0x0000000094500000| Untracked 
|  54|0x0000000094600000, 0x0000000094600000, 0x0000000094700000|  0%| F|  |TAMS 0x0000000094600000, 0x0000000094600000| Untracked 
|  55|0x0000000094700000, 0x0000000094700000, 0x0000000094800000|  0%| F|  |TAMS 0x0000000094700000, 0x0000000094700000| Untracked 
|  56|0x0000000094800000, 0x0000000094800000, 0x0000000094900000|  0%| F|  |TAMS 0x0000000094800000, 0x0000000094800000| Untracked 
|  57|0x0000000094900000, 0x0000000094900000, 0x0000000094a00000|  0%| F|  |TAMS 0x0000000094900000, 0x0000000094900000| Untracked 
|  58|0x0000000094a00000, 0x0000000094a00000, 0x0000000094b00000|  0%| F|  |TAMS 0x0000000094a00000, 0x0000000094a00000| Untracked 
|  59|0x0000000094b00000, 0x0000000094b00000, 0x0000000094c00000|  0%| F|  |TAMS 0x0000000094b00000, 0x0000000094b00000| Untracked 
|  60|0x0000000094c00000, 0x0000000094c00000, 0x0000000094d00000|  0%| F|  |TAMS 0x0000000094c00000, 0x0000000094c00000| Untracked 
|  61|0x0000000094d00000, 0x0000000094d00000, 0x0000000094e00000|  0%| F|  |TAMS 0x0000000094d00000, 0x0000000094d00000| Untracked 
|  62|0x0000000094e00000, 0x0000000094e00000, 0x0000000094f00000|  0%| F|  |TAMS 0x0000000094e00000, 0x0000000094e00000| Untracked 
|  63|0x0000000094f00000, 0x0000000094f00000, 0x0000000095000000|  0%| F|  |TAMS 0x0000000094f00000, 0x0000000094f00000| Untracked 
|  64|0x0000000095000000, 0x0000000095000000, 0x0000000095100000|  0%| F|  |TAMS 0x0000000095000000, 0x0000000095000000| Untracked 
|  65|0x0000000095100000, 0x0000000095100000, 0x0000000095200000|  0%| F|  |TAMS 0x0000000095100000, 0x0000000095100000| Untracked 
|  66|0x0000000095200000, 0x0000000095200000, 0x0000000095300000|  0%| F|  |TAMS 0x0000000095200000, 0x0000000095200000| Untracked 
|  67|0x0000000095300000, 0x0000000095300000, 0x0000000095400000|  0%| F|  |TAMS 0x0000000095300000, 0x0000000095300000| Untracked 
|  68|0x0000000095400000, 0x0000000095400000, 0x0000000095500000|  0%| F|  |TAMS 0x0000000095400000, 0x0000000095400000| Untracked 
|  69|0x0000000095500000, 0x0000000095500000, 0x0000000095600000|  0%| F|  |TAMS 0x0000000095500000, 0x0000000095500000| Untracked 
|  70|0x0000000095600000, 0x0000000095600000, 0x0000000095700000|  0%| F|  |TAMS 0x0000000095600000, 0x0000000095600000| Untracked 
|  71|0x0000000095700000, 0x0000000095700000, 0x0000000095800000|  0%| F|  |TAMS 0x0000000095700000, 0x0000000095700000| Untracked 
|  72|0x0000000095800000, 0x0000000095800000, 0x0000000095900000|  0%| F|  |TAMS 0x0000000095800000, 0x0000000095800000| Untracked 
|  73|0x0000000095900000, 0x0000000095900000, 0x0000000095a00000|  0%| F|  |TAMS 0x0000000095900000, 0x0000000095900000| Untracked 
|  74|0x0000000095a00000, 0x0000000095a00000, 0x0000000095b00000|  0%| F|  |TAMS 0x0000000095a00000, 0x0000000095a00000| Untracked 
|  75|0x0000000095b00000, 0x0000000095b00000, 0x0000000095c00000|  0%| F|  |TAMS 0x0000000095b00000, 0x0000000095b00000| Untracked 
|  76|0x0000000095c00000, 0x0000000095c00000, 0x0000000095d00000|  0%| F|  |TAMS 0x0000000095c00000, 0x0000000095c00000| Untracked 
|  77|0x0000000095d00000, 0x0000000095d00000, 0x0000000095e00000|  0%| F|  |TAMS 0x0000000095d00000, 0x0000000095d00000| Untracked 
|  78|0x0000000095e00000, 0x0000000095e00000, 0x0000000095f00000|  0%| F|  |TAMS 0x0000000095e00000, 0x0000000095e00000| Untracked 
|  79|0x0000000095f00000, 0x0000000095f00000, 0x0000000096000000|  0%| F|  |TAMS 0x0000000095f00000, 0x0000000095f00000| Untracked 
|  80|0x0000000096000000, 0x0000000096000000, 0x0000000096100000|  0%| F|  |TAMS 0x0000000096000000, 0x0000000096000000| Untracked 
|  81|0x0000000096100000, 0x0000000096100000, 0x0000000096200000|  0%| F|  |TAMS 0x0000000096100000, 0x0000000096100000| Untracked 
|  82|0x0000000096200000, 0x0000000096200000, 0x0000000096300000|  0%| F|  |TAMS 0x0000000096200000, 0x0000000096200000| Untracked 
|  83|0x0000000096300000, 0x0000000096300000, 0x0000000096400000|  0%| F|  |TAMS 0x0000000096300000, 0x0000000096300000| Untracked 
|  84|0x0000000096400000, 0x0000000096400000, 0x0000000096500000|  0%| F|  |TAMS 0x0000000096400000, 0x0000000096400000| Untracked 
|  85|0x0000000096500000, 0x0000000096500000, 0x0000000096600000|  0%| F|  |TAMS 0x0000000096500000, 0x0000000096500000| Untracked 
|  86|0x0000000096600000, 0x0000000096600000, 0x0000000096700000|  0%| F|  |TAMS 0x0000000096600000, 0x0000000096600000| Untracked 
|  87|0x0000000096700000, 0x0000000096700000, 0x0000000096800000|  0%| F|  |TAMS 0x0000000096700000, 0x0000000096700000| Untracked 
|  88|0x0000000096800000, 0x0000000096800000, 0x0000000096900000|  0%| F|  |TAMS 0x0000000096800000, 0x0000000096800000| Untracked 
|  89|0x0000000096900000, 0x0000000096900000, 0x0000000096a00000|  0%| F|  |TAMS 0x0000000096900000, 0x0000000096900000| Untracked 
|  90|0x0000000096a00000, 0x0000000096a00000, 0x0000000096b00000|  0%| F|  |TAMS 0x0000000096a00000, 0x0000000096a00000| Untracked 
|  91|0x0000000096b00000, 0x0000000096b00000, 0x0000000096c00000|  0%| F|  |TAMS 0x0000000096b00000, 0x0000000096b00000| Untracked 
|  92|0x0000000096c00000, 0x0000000096c00000, 0x0000000096d00000|  0%| F|  |TAMS 0x0000000096c00000, 0x0000000096c00000| Untracked 
|  93|0x0000000096d00000, 0x0000000096d00000, 0x0000000096e00000|  0%| F|  |TAMS 0x0000000096d00000, 0x0000000096d00000| Untracked 
|  94|0x0000000096e00000, 0x0000000096e00000, 0x0000000096f00000|  0%| F|  |TAMS 0x0000000096e00000, 0x0000000096e00000| Untracked 
|  95|0x0000000096f00000, 0x0000000096f00000, 0x0000000097000000|  0%| F|  |TAMS 0x0000000096f00000, 0x0000000096f00000| Untracked 
|  96|0x0000000097000000, 0x0000000097000000, 0x0000000097100000|  0%| F|  |TAMS 0x0000000097000000, 0x0000000097000000| Untracked 
|  97|0x0000000097100000, 0x0000000097100000, 0x0000000097200000|  0%| F|  |TAMS 0x0000000097100000, 0x0000000097100000| Untracked 
|  98|0x0000000097200000, 0x0000000097200000, 0x0000000097300000|  0%| F|  |TAMS 0x0000000097200000, 0x0000000097200000| Untracked 
|  99|0x0000000097300000, 0x0000000097300000, 0x0000000097400000|  0%| F|  |TAMS 0x0000000097300000, 0x0000000097300000| Untracked 
| 100|0x0000000097400000, 0x0000000097400000, 0x0000000097500000|  0%| F|  |TAMS 0x0000000097400000, 0x0000000097400000| Untracked 
| 101|0x0000000097500000, 0x0000000097500000, 0x0000000097600000|  0%| F|  |TAMS 0x0000000097500000, 0x0000000097500000| Untracked 
| 102|0x0000000097600000, 0x0000000097600000, 0x0000000097700000|  0%| F|  |TAMS 0x0000000097600000, 0x0000000097600000| Untracked 
| 103|0x0000000097700000, 0x0000000097700000, 0x0000000097800000|  0%| F|  |TAMS 0x0000000097700000, 0x0000000097700000| Untracked 
| 104|0x0000000097800000, 0x0000000097800000, 0x0000000097900000|  0%| F|  |TAMS 0x0000000097800000, 0x0000000097800000| Untracked 
| 105|0x0000000097900000, 0x0000000097900000, 0x0000000097a00000|  0%| F|  |TAMS 0x0000000097900000, 0x0000000097900000| Untracked 
| 106|0x0000000097a00000, 0x0000000097a00000, 0x0000000097b00000|  0%| F|  |TAMS 0x0000000097a00000, 0x0000000097a00000| Untracked 
| 107|0x0000000097b00000, 0x0000000097b00000, 0x0000000097c00000|  0%| F|  |TAMS 0x0000000097b00000, 0x0000000097b00000| Untracked 
| 108|0x0000000097c00000, 0x0000000097c00000, 0x0000000097d00000|  0%| F|  |TAMS 0x0000000097c00000, 0x0000000097c00000| Untracked 
| 109|0x0000000097d00000, 0x0000000097d00000, 0x0000000097e00000|  0%| F|  |TAMS 0x0000000097d00000, 0x0000000097d00000| Untracked 
| 110|0x0000000097e00000, 0x0000000097e00000, 0x0000000097f00000|  0%| F|  |TAMS 0x0000000097e00000, 0x0000000097e00000| Untracked 
| 111|0x0000000097f00000, 0x0000000097f00000, 0x0000000098000000|  0%| F|  |TAMS 0x0000000097f00000, 0x0000000097f00000| Untracked 
| 112|0x0000000098000000, 0x0000000098000000, 0x0000000098100000|  0%| F|  |TAMS 0x0000000098000000, 0x0000000098000000| Untracked 
| 113|0x0000000098100000, 0x0000000098100000, 0x0000000098200000|  0%| F|  |TAMS 0x0000000098100000, 0x0000000098100000| Untracked 
| 114|0x0000000098200000, 0x0000000098200000, 0x0000000098300000|  0%| F|  |TAMS 0x0000000098200000, 0x0000000098200000| Untracked 
| 115|0x0000000098300000, 0x0000000098300000, 0x0000000098400000|  0%| F|  |TAMS 0x0000000098300000, 0x0000000098300000| Untracked 
| 116|0x0000000098400000, 0x0000000098400000, 0x0000000098500000|  0%| F|  |TAMS 0x0000000098400000, 0x0000000098400000| Untracked 
| 117|0x0000000098500000, 0x0000000098500000, 0x0000000098600000|  0%| F|  |TAMS 0x0000000098500000, 0x0000000098500000| Untracked 
| 118|0x0000000098600000, 0x0000000098600000, 0x0000000098700000|  0%| F|  |TAMS 0x0000000098600000, 0x0000000098600000| Untracked 
| 119|0x0000000098700000, 0x0000000098700000, 0x0000000098800000|  0%| F|  |TAMS 0x0000000098700000, 0x0000000098700000| Untracked 
| 120|0x0000000098800000, 0x0000000098800000, 0x0000000098900000|  0%| F|  |TAMS 0x0000000098800000, 0x0000000098800000| Untracked 
| 121|0x0000000098900000, 0x0000000098900000, 0x0000000098a00000|  0%| F|  |TAMS 0x0000000098900000, 0x0000000098900000| Untracked 
| 122|0x0000000098a00000, 0x0000000098a00000, 0x0000000098b00000|  0%| F|  |TAMS 0x0000000098a00000, 0x0000000098a00000| Untracked 
| 123|0x0000000098b00000, 0x0000000098b00000, 0x0000000098c00000|  0%| F|  |TAMS 0x0000000098b00000, 0x0000000098b00000| Untracked 
| 124|0x0000000098c00000, 0x0000000098c00000, 0x0000000098d00000|  0%| F|  |TAMS 0x0000000098c00000, 0x0000000098c00000| Untracked 
| 125|0x0000000098d00000, 0x0000000098d00000, 0x0000000098e00000|  0%| F|  |TAMS 0x0000000098d00000, 0x0000000098d00000| Untracked 
| 126|0x0000000098e00000, 0x0000000098e00000, 0x0000000098f00000|  0%| F|  |TAMS 0x0000000098e00000, 0x0000000098e00000| Untracked 
| 127|0x0000000098f00000, 0x0000000098f00000, 0x0000000099000000|  0%| F|  |TAMS 0x0000000098f00000, 0x0000000098f00000| Untracked 
| 128|0x0000000099000000, 0x0000000099000000, 0x0000000099100000|  0%| F|  |TAMS 0x0000000099000000, 0x0000000099000000| Untracked 
| 129|0x0000000099100000, 0x0000000099100000, 0x0000000099200000|  0%| F|  |TAMS 0x0000000099100000, 0x0000000099100000| Untracked 
| 130|0x0000000099200000, 0x0000000099200000, 0x0000000099300000|  0%| F|  |TAMS 0x0000000099200000, 0x0000000099200000| Untracked 
| 131|0x0000000099300000, 0x0000000099300000, 0x0000000099400000|  0%| F|  |TAMS 0x0000000099300000, 0x0000000099300000| Untracked 
| 132|0x0000000099400000, 0x0000000099400000, 0x0000000099500000|  0%| F|  |TAMS 0x0000000099400000, 0x0000000099400000| Untracked 
| 133|0x0000000099500000, 0x0000000099500000, 0x0000000099600000|  0%| F|  |TAMS 0x0000000099500000, 0x0000000099500000| Untracked 
| 134|0x0000000099600000, 0x0000000099600000, 0x0000000099700000|  0%| F|  |TAMS 0x0000000099600000, 0x0000000099600000| Untracked 
| 135|0x0000000099700000, 0x0000000099700000, 0x0000000099800000|  0%| F|  |TAMS 0x0000000099700000, 0x0000000099700000| Untracked 
| 136|0x0000000099800000, 0x0000000099800000, 0x0000000099900000|  0%| F|  |TAMS 0x0000000099800000, 0x0000000099800000| Untracked 
| 137|0x0000000099900000, 0x0000000099900000, 0x0000000099a00000|  0%| F|  |TAMS 0x0000000099900000, 0x0000000099900000| Untracked 
| 138|0x0000000099a00000, 0x0000000099a00000, 0x0000000099b00000|  0%| F|  |TAMS 0x0000000099a00000, 0x0000000099a00000| Untracked 
| 139|0x0000000099b00000, 0x0000000099b00000, 0x0000000099c00000|  0%| F|  |TAMS 0x0000000099b00000, 0x0000000099b00000| Untracked 
| 140|0x0000000099c00000, 0x0000000099c00000, 0x0000000099d00000|  0%| F|  |TAMS 0x0000000099c00000, 0x0000000099c00000| Untracked 
| 141|0x0000000099d00000, 0x0000000099d00000, 0x0000000099e00000|  0%| F|  |TAMS 0x0000000099d00000, 0x0000000099d00000| Untracked 
| 142|0x0000000099e00000, 0x0000000099e00000, 0x0000000099f00000|  0%| F|  |TAMS 0x0000000099e00000, 0x0000000099e00000| Untracked 
| 143|0x0000000099f00000, 0x0000000099f00000, 0x000000009a000000|  0%| F|  |TAMS 0x0000000099f00000, 0x0000000099f00000| Untracked 
| 144|0x000000009a000000, 0x000000009a000000, 0x000000009a100000|  0%| F|  |TAMS 0x000000009a000000, 0x000000009a000000| Untracked 
| 145|0x000000009a100000, 0x000000009a100000, 0x000000009a200000|  0%| F|  |TAMS 0x000000009a100000, 0x000000009a100000| Untracked 
| 146|0x000000009a200000, 0x000000009a200000, 0x000000009a300000|  0%| F|  |TAMS 0x000000009a200000, 0x000000009a200000| Untracked 
| 147|0x000000009a300000, 0x000000009a300000, 0x000000009a400000|  0%| F|  |TAMS 0x000000009a300000, 0x000000009a300000| Untracked 
| 148|0x000000009a400000, 0x000000009a400000, 0x000000009a500000|  0%| F|  |TAMS 0x000000009a400000, 0x000000009a400000| Untracked 
| 149|0x000000009a500000, 0x000000009a500000, 0x000000009a600000|  0%| F|  |TAMS 0x000000009a500000, 0x000000009a500000| Untracked 
| 150|0x000000009a600000, 0x000000009a600000, 0x000000009a700000|  0%| F|  |TAMS 0x000000009a600000, 0x000000009a600000| Untracked 
| 151|0x000000009a700000, 0x000000009a700000, 0x000000009a800000|  0%| F|  |TAMS 0x000000009a700000, 0x000000009a700000| Untracked 
| 152|0x000000009a800000, 0x000000009a800000, 0x000000009a900000|  0%| F|  |TAMS 0x000000009a800000, 0x000000009a800000| Untracked 
| 153|0x000000009a900000, 0x000000009a900000, 0x000000009aa00000|  0%| F|  |TAMS 0x000000009a900000, 0x000000009a900000| Untracked 
| 154|0x000000009aa00000, 0x000000009aa00000, 0x000000009ab00000|  0%| F|  |TAMS 0x000000009aa00000, 0x000000009aa00000| Untracked 
| 155|0x000000009ab00000, 0x000000009ab00000, 0x000000009ac00000|  0%| F|  |TAMS 0x000000009ab00000, 0x000000009ab00000| Untracked 
| 156|0x000000009ac00000, 0x000000009ac00000, 0x000000009ad00000|  0%| F|  |TAMS 0x000000009ac00000, 0x000000009ac00000| Untracked 
| 157|0x000000009ad00000, 0x000000009ad00000, 0x000000009ae00000|  0%| F|  |TAMS 0x000000009ad00000, 0x000000009ad00000| Untracked 
| 158|0x000000009ae00000, 0x000000009ae00000, 0x000000009af00000|  0%| F|  |TAMS 0x000000009ae00000, 0x000000009ae00000| Untracked 
| 159|0x000000009af00000, 0x000000009af00000, 0x000000009b000000|  0%| F|  |TAMS 0x000000009af00000, 0x000000009af00000| Untracked 
| 160|0x000000009b000000, 0x000000009b000000, 0x000000009b100000|  0%| F|  |TAMS 0x000000009b000000, 0x000000009b000000| Untracked 
| 161|0x000000009b100000, 0x000000009b100000, 0x000000009b200000|  0%| F|  |TAMS 0x000000009b100000, 0x000000009b100000| Untracked 
| 162|0x000000009b200000, 0x000000009b200000, 0x000000009b300000|  0%| F|  |TAMS 0x000000009b200000, 0x000000009b200000| Untracked 

Card table byte_map: [0x00000140e0250000,0x00000140e05d0000] _byte_map_base: 0x00000140dfdc8000

Marking Bits (Prev, Next): (CMBitMap*) 0x00000140d560cf10, (CMBitMap*) 0x00000140d560ced0
 Prev Bits: [0x00000140e2510000, 0x00000140e40d0000)
 Next Bits: [0x00000140e0950000, 0x00000140e2510000)

Polling page: 0x00000140d35c0000

Metaspace:

Usage:
  Non-class:     46.63 MB used.
      Class:      7.57 MB used.
       Both:     54.20 MB used.

Virtual space:
  Non-class space:       48.00 MB reserved,      46.88 MB ( 98%) committed,  6 nodes.
      Class space:        1.00 GB reserved,       7.75 MB ( <1%) committed,  1 nodes.
             Both:        1.05 GB reserved,      54.62 MB (  5%) committed. 

Chunk freelists:
   Non-Class:  1.03 MB
       Class:  80.00 KB
        Both:  1.11 MB

MaxMetaspaceSize: unlimited
CompressedClassSpaceSize: 1.00 GB
Initial GC threshold: 21.00 MB
Current GC threshold: 78.56 MB
CDS: on
MetaspaceReclaimPolicy: balanced
 - commit_granule_bytes: 65536.
 - commit_granule_words: 8192.
 - virtual_space_node_default_size: 1048576.
 - enlarge_chunks_in_place: 1.
 - new_chunks_are_fully_committed: 0.
 - uncommit_free_chunks: 1.
 - use_allocation_guard: 0.
 - handle_deallocations: 1.


Internal statistics:

num_allocs_failed_limit: 9.
num_arena_births: 516.
num_arena_deaths: 0.
num_vsnodes_births: 7.
num_vsnodes_deaths: 0.
num_space_committed: 874.
num_space_uncommitted: 0.
num_chunks_returned_to_freelist: 9.
num_chunks_taken_from_freelist: 2515.
num_chunk_merges: 9.
num_chunk_splits: 1822.
num_chunks_enlarged: 1441.
num_purges: 0.
num_inconsistent_stats: 0.

CodeCache: size=49152Kb used=11926Kb max_used=12188Kb free=37225Kb
 bounds [0x00000140dcdc0000, 0x00000140dd9b0000, 0x00000140dfdc0000]
 total_blobs=6533 nmethods=5932 adapters=526
 compilation: enabled
              stopped_count=0, restarted_count=0
 full_count=0

Compilation events (20 events):
Event: 17.134 Thread 0x00000140e7559280 nmethod 5923 0x00000140dd146290 code [0x00000140dd146420, 0x00000140dd146528]
Event: 17.134 Thread 0x00000140e6b3d6a0 nmethod 5922 0x00000140dd145e10 code [0x00000140dd145fc0, 0x00000140dd146138]
Event: 17.135 Thread 0x00000140e6b3d6a0 5925       1       java.nio.Buffer::checkScope (16 bytes)
Event: 17.135 Thread 0x00000140e7bf8660 5926       1       java.nio.Buffer::reset (24 bytes)
Event: 17.135 Thread 0x00000140e7559280 5927       1       org.apache.catalina.connector.OutputBuffer::isFull (17 bytes)
Event: 17.135 Thread 0x00000140e6b3d6a0 nmethod 5925 0x00000140dd145a90 code [0x00000140dd145c40, 0x00000140dd145d78]
Event: 17.135 Thread 0x00000140e6b3d6a0 5928       1       org.apache.catalina.connector.OutputBuffer::toWriteMode (20 bytes)
Event: 17.135 Thread 0x00000140e7559280 nmethod 5927 0x00000140dd145790 code [0x00000140dd145920, 0x00000140dd1459f8]
Event: 17.135 Thread 0x00000140e7bf8660 nmethod 5926 0x00000140dd145410 code [0x00000140dd1455a0, 0x00000140dd1456c8]
Event: 17.135 Thread 0x00000140e7559280 5929       1       java.nio.CharBuffer::mark (5 bytes)
Event: 17.135 Thread 0x00000140e7bf8660 5930       1       org.apache.catalina.connector.OutputBuffer::toReadMode (13 bytes)
Event: 17.135 Thread 0x00000140e7559280 nmethod 5929 0x00000140dd145110 code [0x00000140dd1452a0, 0x00000140dd145378]
Event: 17.135 Thread 0x00000140e7bf8660 nmethod 5930 0x00000140dd144d90 code [0x00000140dd144f40, 0x00000140dd145058]
Event: 17.135 Thread 0x00000140e7559280 5931       1       java.nio.CharBuffer::reset (5 bytes)
Event: 17.135 Thread 0x00000140e6b3d6a0 nmethod 5928 0x00000140dd144990 code [0x00000140dd144b40, 0x00000140dd144c88]
Event: 17.135 Thread 0x00000140e7bf8660 5932       1       java.nio.CharBuffer::reset (7 bytes)
Event: 17.135 Thread 0x00000140e6b3d6a0 5933       1       org.thymeleaf.engine.AbstractTextualTemplateEvent::charAtContent (43 bytes)
Event: 17.136 Thread 0x00000140e7bf8660 nmethod 5932 0x00000140dd144610 code [0x00000140dd1447a0, 0x00000140dd1448c8]
Event: 17.136 Thread 0x00000140e7559280 nmethod 5931 0x00000140dd144290 code [0x00000140dd144420, 0x00000140dd144548]
Event: 17.136 Thread 0x00000140e6b3d6a0 nmethod 5933 0x00000140dd143a10 code [0x00000140dd143c00, 0x00000140dd143fe8]

GC Heap History (20 events):
Event: 4.530 GC heap after
{Heap after GC invocations=5 (full 0):
 garbage-first heap   total 114688K, used 15936K [0x0000000091000000, 0x0000000100000000)
  region size 1024K, 6 young (6144K), 6 survivors (6144K)
 Metaspace       used 21203K, committed 21504K, reserved 1073152K
  class space    used 2897K, committed 3072K, reserved 1048576K
}
Event: 5.078 GC heap before
{Heap before GC invocations=6 (full 0):
 garbage-first heap   total 58368K, used 43584K [0x0000000091000000, 0x0000000100000000)
  region size 1024K, 34 young (34816K), 6 survivors (6144K)
 Metaspace       used 24299K, committed 24704K, reserved 1073152K
  class space    used 3330K, committed 3520K, reserved 1048576K
}
Event: 5.098 GC heap after
{Heap after GC invocations=7 (full 0):
 garbage-first heap   total 58368K, used 18338K [0x0000000091000000, 0x0000000100000000)
  region size 1024K, 5 young (5120K), 5 survivors (5120K)
 Metaspace       used 24299K, committed 24704K, reserved 1073152K
  class space    used 3330K, committed 3520K, reserved 1048576K
}
Event: 5.099 GC heap before
{Heap before GC invocations=7 (full 0):
 garbage-first heap   total 58368K, used 18338K [0x0000000091000000, 0x0000000100000000)
  region size 1024K, 6 young (6144K), 5 survivors (5120K)
 Metaspace       used 24299K, committed 24704K, reserved 1073152K
  class space    used 3330K, committed 3520K, reserved 1048576K
}
Event: 5.113 GC heap after
{Heap after GC invocations=8 (full 0):
 garbage-first heap   total 58368K, used 18421K [0x0000000091000000, 0x0000000100000000)
  region size 1024K, 1 young (1024K), 1 survivors (1024K)
 Metaspace       used 24299K, committed 24704K, reserved 1073152K
  class space    used 3330K, committed 3520K, reserved 1048576K
}
Event: 5.120 GC heap before
{Heap before GC invocations=8 (full 0):
 garbage-first heap   total 58368K, used 40949K [0x0000000091000000, 0x0000000100000000)
  region size 1024K, 24 young (24576K), 1 survivors (1024K)
 Metaspace       used 24299K, committed 24704K, reserved 1073152K
  class space    used 3330K, committed 3520K, reserved 1048576K
}
Event: 5.122 GC heap after
{Heap after GC invocations=9 (full 0):
 garbage-first heap   total 166912K, used 18000K [0x0000000091000000, 0x0000000100000000)
  region size 1024K, 1 young (1024K), 1 survivors (1024K)
 Metaspace       used 24299K, committed 24704K, reserved 1073152K
  class space    used 3330K, committed 3520K, reserved 1048576K
}
Event: 6.706 GC heap before
{Heap before GC invocations=9 (full 0):
 garbage-first heap   total 166912K, used 79440K [0x0000000091000000, 0x0000000100000000)
  region size 1024K, 63 young (64512K), 1 survivors (1024K)
 Metaspace       used 35653K, committed 35968K, reserved 1081344K
  class space    used 4919K, committed 5056K, reserved 1048576K
}
Event: 6.713 GC heap after
{Heap after GC invocations=10 (full 0):
 garbage-first heap   total 166912K, used 21346K [0x0000000091000000, 0x0000000100000000)
  region size 1024K, 4 young (4096K), 4 survivors (4096K)
 Metaspace       used 35653K, committed 35968K, reserved 1081344K
  class space    used 4919K, committed 5056K, reserved 1048576K
}
Event: 8.014 GC heap before
{Heap before GC invocations=11 (full 0):
 garbage-first heap   total 81920K, used 66402K [0x0000000091000000, 0x0000000100000000)
  region size 1024K, 48 young (49152K), 4 survivors (4096K)
 Metaspace       used 42802K, committed 43200K, reserved 1089536K
  class space    used 6020K, committed 6208K, reserved 1048576K
}
Event: 8.024 GC heap after
{Heap after GC invocations=12 (full 0):
 garbage-first heap   total 81920K, used 24449K [0x0000000091000000, 0x0000000100000000)
  region size 1024K, 4 young (4096K), 4 survivors (4096K)
 Metaspace       used 42802K, committed 43200K, reserved 1089536K
  class space    used 6020K, committed 6208K, reserved 1048576K
}
Event: 8.041 GC heap before
{Heap before GC invocations=12 (full 0):
 garbage-first heap   total 81920K, used 26497K [0x0000000091000000, 0x0000000100000000)
  region size 1024K, 6 young (6144K), 4 survivors (4096K)
 Metaspace       used 42877K, committed 43200K, reserved 1089536K
  class space    used 6035K, committed 6208K, reserved 1048576K
}
Event: 8.047 GC heap after
{Heap after GC invocations=13 (full 0):
 garbage-first heap   total 81920K, used 24620K [0x0000000091000000, 0x0000000100000000)
  region size 1024K, 1 young (1024K), 1 survivors (1024K)
 Metaspace       used 42877K, committed 43200K, reserved 1089536K
  class space    used 6035K, committed 6208K, reserved 1048576K
}
Event: 9.023 GC heap before
{Heap before GC invocations=13 (full 0):
 garbage-first heap   total 81920K, used 63532K [0x0000000091000000, 0x0000000100000000)
  region size 1024K, 39 young (39936K), 1 survivors (1024K)
 Metaspace       used 47705K, committed 48000K, reserved 1097728K
  class space    used 6641K, committed 6784K, reserved 1048576K
}
Event: 9.030 GC heap after
{Heap after GC invocations=14 (full 0):
 garbage-first heap   total 81920K, used 27638K [0x0000000091000000, 0x0000000100000000)
  region size 1024K, 4 young (4096K), 4 survivors (4096K)
 Metaspace       used 47705K, committed 48000K, reserved 1097728K
  class space    used 6641K, committed 6784K, reserved 1048576K
}
Event: 9.829 GC heap before
{Heap before GC invocations=15 (full 0):
 garbage-first heap   total 81920K, used 63478K [0x0000000091000000, 0x0000000100000000)
  region size 1024K, 39 young (39936K), 4 survivors (4096K)
 Metaspace       used 50782K, committed 51200K, reserved 1097728K
  class space    used 7117K, committed 7296K, reserved 1048576K
}
Event: 9.850 GC heap after
{Heap after GC invocations=16 (full 0):
 garbage-first heap   total 81920K, used 30547K [0x0000000091000000, 0x0000000100000000)
  region size 1024K, 3 young (3072K), 3 survivors (3072K)
 Metaspace       used 50782K, committed 51200K, reserved 1097728K
  class space    used 7117K, committed 7296K, reserved 1048576K
}
Event: 9.857 GC heap before
{Heap before GC invocations=16 (full 0):
 garbage-first heap   total 81920K, used 31571K [0x0000000091000000, 0x0000000100000000)
  region size 1024K, 4 young (4096K), 3 survivors (3072K)
 Metaspace       used 50785K, committed 51200K, reserved 1097728K
  class space    used 7118K, committed 7296K, reserved 1048576K
}
Event: 9.867 GC heap after
{Heap after GC invocations=17 (full 0):
 garbage-first heap   total 81920K, used 30474K [0x0000000091000000, 0x0000000100000000)
  region size 1024K, 1 young (1024K), 1 survivors (1024K)
 Metaspace       used 50785K, committed 51200K, reserved 1097728K
  class space    used 7118K, committed 7296K, reserved 1048576K
}
Event: 17.142 GC heap before
{Heap before GC invocations=17 (full 0):
 garbage-first heap   total 81920K, used 64266K [0x0000000091000000, 0x0000000100000000)
  region size 1024K, 34 young (34816K), 1 survivors (1024K)
 Metaspace       used 55505K, committed 55936K, reserved 1097728K
  class space    used 7756K, committed 7936K, reserved 1048576K
}

Deoptimization events (20 events):
Event: 4.332 Thread 0x00000140d55d5b20 DEOPT PACKING pc=0x00000140dd5d1175 sp=0x00000007eb8fdc00
Event: 4.332 Thread 0x00000140d55d5b20 DEOPT UNPACKING pc=0x00000140dce12b43 sp=0x00000007eb8fd070 mode 3
Event: 4.378 Thread 0x00000140d55d5b20 DEOPT PACKING pc=0x00000140dd5fcc19 sp=0x00000007eb8fdcf0
Event: 4.378 Thread 0x00000140d55d5b20 DEOPT UNPACKING pc=0x00000140dce12b43 sp=0x00000007eb8fd1d0 mode 3
Event: 4.966 Thread 0x00000140d55d5b20 DEOPT PACKING pc=0x00000140dd68765d sp=0x00000007eb8fcf50
Event: 4.966 Thread 0x00000140d55d5b20 DEOPT UNPACKING pc=0x00000140dce12b43 sp=0x00000007eb8fc4b8 mode 3
Event: 5.341 Thread 0x00000140d55d5b20 DEOPT PACKING pc=0x00000140dd34ba01 sp=0x00000007eb8fe490
Event: 5.341 Thread 0x00000140d55d5b20 DEOPT UNPACKING pc=0x00000140dce12b43 sp=0x00000007eb8fd920 mode 3
Event: 5.341 Thread 0x00000140e9805040 DEOPT PACKING pc=0x00000140dd322117 sp=0x00000007edaff170
Event: 5.341 Thread 0x00000140e9805040 DEOPT UNPACKING pc=0x00000140dce12b43 sp=0x00000007edafe5c8 mode 3
Event: 7.786 Thread 0x00000140d55d5b20 DEOPT PACKING pc=0x00000140dd3bcaa2 sp=0x00000007eb8fbd80
Event: 7.786 Thread 0x00000140d55d5b20 DEOPT UNPACKING pc=0x00000140dce12b43 sp=0x00000007eb8fb288 mode 3
Event: 8.384 Thread 0x00000140d55d5b20 DEOPT PACKING pc=0x00000140dd82f0ad sp=0x00000007eb8f98f0
Event: 8.385 Thread 0x00000140d55d5b20 DEOPT UNPACKING pc=0x00000140dce12b43 sp=0x00000007eb8f8e38 mode 3
Event: 9.089 Thread 0x00000140d55d5b20 DEOPT PACKING pc=0x00000140dd8d0b5c sp=0x00000007eb8fd140
Event: 9.089 Thread 0x00000140d55d5b20 DEOPT UNPACKING pc=0x00000140dce12b43 sp=0x00000007eb8fc660 mode 0
Event: 9.090 Thread 0x00000140d55d5b20 DEOPT PACKING pc=0x00000140dd8d0b5c sp=0x00000007eb8fe050
Event: 9.090 Thread 0x00000140d55d5b20 DEOPT UNPACKING pc=0x00000140dce12b43 sp=0x00000007eb8fd570 mode 0
Event: 9.176 Thread 0x00000140d55d5b20 DEOPT PACKING pc=0x00000140dd81af4c sp=0x00000007eb8fd920
Event: 9.176 Thread 0x00000140d55d5b20 DEOPT UNPACKING pc=0x00000140dce12b43 sp=0x00000007eb8fcea8 mode 0

Classes unloaded (0 events):
No events

Classes redefined (0 events):
No events

Internal exceptions (20 events):
Event: 9.105 Thread 0x00000140d55d5b20 Exception <a 'java/lang/ClassNotFoundException'{0x00000000974c3790}: springfox/documentation/spring/web/plugins/DocumentationPluginsBootstrapperCustomizer> (0x00000000974c3790) 
thrown [t:\workspace\open\src\hotspot\share\classfile\systemDictionary.cpp, line 256]
Event: 9.107 Thread 0x00000140d55d5b20 Exception <a 'java/lang/ClassNotFoundException'{0x00000000974de5b0}: org/springframework/context/SmartLifecycleCustomizer> (0x00000000974de5b0) 
thrown [t:\workspace\open\src\hotspot\share\classfile\systemDictionary.cpp, line 256]
Event: 9.107 Thread 0x00000140d55d5b20 Exception <a 'java/lang/ClassNotFoundException'{0x00000000974e4bf8}: org/springframework/context/LifecycleCustomizer> (0x00000000974e4bf8) 
thrown [t:\workspace\open\src\hotspot\share\classfile\systemDictionary.cpp, line 256]
Event: 9.108 Thread 0x00000140d55d5b20 Exception <a 'java/lang/ClassNotFoundException'{0x00000000974ea620}: org/springframework/context/PhasedCustomizer> (0x00000000974ea620) 
thrown [t:\workspace\open\src\hotspot\share\classfile\systemDictionary.cpp, line 256]
Event: 9.164 Thread 0x00000140d55d5b20 Exception <a 'java/lang/ClassNotFoundException'{0x000000009710c318}: java/lang/ObjectCustomizer> (0x000000009710c318) 
thrown [t:\workspace\open\src\hotspot\share\classfile\systemDictionary.cpp, line 256]
Event: 9.164 Thread 0x00000140d55d5b20 Exception <a 'java/lang/ClassNotFoundException'{0x00000000971146e8}: org/springframework/security/config/annotation/web/configuration/WebSecurityConfigurationCustomizer> (0x00000000971146e8) 
thrown [t:\workspace\open\src\hotspot\share\classfile\systemDictionary.cpp, line 256]
Event: 9.165 Thread 0x00000140d55d5b20 Exception <a 'java/lang/ClassNotFoundException'{0x00000000971235e0}: org/springframework/context/annotation/ImportAwareCustomizer> (0x00000000971235e0) 
thrown [t:\workspace\open\src\hotspot\share\classfile\systemDictionary.cpp, line 256]
Event: 9.166 Thread 0x00000140d55d5b20 Exception <a 'java/lang/ClassNotFoundException'{0x0000000097128800}: org/springframework/beans/factory/AwareCustomizer> (0x0000000097128800) 
thrown [t:\workspace\open\src\hotspot\share\classfile\systemDictionary.cpp, line 256]
Event: 9.166 Thread 0x00000140d55d5b20 Exception <a 'java/lang/ClassNotFoundException'{0x000000009712cef0}: org/springframework/beans/factory/BeanClassLoaderAwareCustomizer> (0x000000009712cef0) 
thrown [t:\workspace\open\src\hotspot\share\classfile\systemDictionary.cpp, line 256]
Event: 9.166 Thread 0x00000140d55d5b20 Exception <a 'java/lang/ClassNotFoundException'{0x00000000971320f0}: org/springframework/beans/factory/AwareCustomizer> (0x00000000971320f0) 
thrown [t:\workspace\open\src\hotspot\share\classfile\systemDictionary.cpp, line 256]
Event: 9.371 Thread 0x00000140d55d5b20 Exception <a 'java/lang/ClassNotFoundException'{0x0000000095158aa0}: java/lang/ObjectCustomizer> (0x0000000095158aa0) 
thrown [t:\workspace\open\src\hotspot\share\classfile\systemDictionary.cpp, line 256]
Event: 9.372 Thread 0x00000140d55d5b20 Exception <a 'java/lang/ClassNotFoundException'{0x0000000095160e70}: org/springframework/security/config/annotation/web/configuration/HttpSecurityConfigurationCustomizer> (0x0000000095160e70) 
thrown [t:\workspace\open\src\hotspot\share\classfile\systemDictionary.cpp, line 256]
Event: 9.532 Thread 0x00000140d55d5b20 Exception <a 'java/lang/NoSuchMethodError'{0x0000000094aef998}: 'void java.lang.invoke.DirectMethodHandle$Holder.invokeVirtual(java.lang.Object, java.lang.Object, int)'> (0x0000000094aef998) 
thrown [t:\workspace\open\src\hotspot\share\interpreter\linkResolver.cpp, line 766]
Event: 9.534 Thread 0x00000140d55d5b20 Exception <a 'java/lang/NoSuchMethodError'{0x000000009490a730}: 'void java.lang.invoke.DirectMethodHandle$Holder.invokeVirtual(java.lang.Object, java.lang.Object, long)'> (0x000000009490a730) 
thrown [t:\workspace\open\src\hotspot\share\interpreter\linkResolver.cpp, line 766]
Event: 9.673 Thread 0x00000140d55d5b20 Exception <a 'java/lang/IncompatibleClassChangeError'{0x000000009448d1b8}: Found class java.lang.Object, but interface was expected> (0x000000009448d1b8) 
thrown [t:\workspace\open\src\hotspot\share\interpreter\linkResolver.cpp, line 833]
Event: 9.719 Thread 0x00000140d55d5b20 Exception <a 'java/lang/NoSuchMethodError'{0x000000009422cd68}: 'int java.lang.invoke.DirectMethodHandle$Holder.invokeStaticInit(java.lang.Object, java.lang.Object, java.lang.Object, java.lang.Object)'> (0x000000009422cd68) 
thrown [t:\workspace\open\src\hotspot\share\interpreter\linkResolver.cpp, line 766]
Event: 10.001 Thread 0x00000140d55d5b20 Exception <a 'java/lang/NoSuchMethodError'{0x00000000954ce678}: 'java.lang.Object java.lang.invoke.DirectMethodHandle$Holder.invokeSpecial(java.lang.Object, java.lang.Object, int, java.lang.Object, int, java.lang.Object)'> (0x00000000954ce678) 
thrown [t:\workspace\open\src\hotspot\share\interpreter\linkResolver.cpp, line 766]
Event: 10.001 Thread 0x00000140d55d5b20 Exception <a 'java/lang/NoSuchMethodError'{0x00000000954d6478}: 'java.lang.Object java.lang.invoke.DirectMethodHandle$Holder.newInvokeSpecial(java.lang.Object, java.lang.Object, int, java.lang.Object, int)'> (0x00000000954d6478) 
thrown [t:\workspace\open\src\hotspot\share\interpreter\linkResolver.cpp, line 766]
Event: 10.001 Thread 0x00000140d55d5b20 Exception <a 'java/lang/NoSuchMethodError'{0x00000000954da578}: 'java.lang.Object java.lang.invoke.DirectMethodHandle$Holder.invokeSpecial(java.lang.Object, java.lang.Object, java.lang.Object, int, java.lang.Object, int)'> (0x00000000954da578) 
thrown [t:\workspace\open\src\hotspot\share\interpreter\linkResolver.cpp, line 766]
Event: 10.003 Thread 0x00000140d55d5b20 Exception <a 'java/lang/NoSuchMethodError'{0x00000000954e5218}: 'void java.lang.invoke.DirectMethodHandle$Holder.invokeVirtual(java.lang.Object, java.lang.Object)'> (0x00000000954e5218) 
thrown [t:\workspace\open\src\hotspot\share\interpreter\linkResolver.cpp, line 766]

VM Operations (20 events):
Event: 9.850 Executing VM operation: G1CollectForAllocation done
Event: 9.857 Executing VM operation: G1CollectForAllocation
Event: 9.867 Executing VM operation: G1CollectForAllocation done
Event: 11.867 Executing VM operation: Cleanup
Event: 11.868 Executing VM operation: Cleanup done
Event: 16.574 Executing VM operation: HandshakeAllThreads
Event: 16.574 Executing VM operation: HandshakeAllThreads done
Event: 16.619 Executing VM operation: HandshakeAllThreads
Event: 16.619 Executing VM operation: HandshakeAllThreads done
Event: 16.619 Executing VM operation: Cleanup
Event: 16.619 Executing VM operation: Cleanup done
Event: 16.667 Executing VM operation: HandshakeAllThreads
Event: 16.667 Executing VM operation: HandshakeAllThreads done
Event: 16.680 Executing VM operation: HandshakeAllThreads
Event: 16.680 Executing VM operation: HandshakeAllThreads done
Event: 16.687 Executing VM operation: HandshakeAllThreads
Event: 16.687 Executing VM operation: HandshakeAllThreads done
Event: 16.713 Executing VM operation: HandshakeAllThreads
Event: 16.713 Executing VM operation: HandshakeAllThreads done
Event: 17.142 Executing VM operation: G1CollectForAllocation

Events (20 events):
Event: 16.503 loading class java/util/concurrent/Semaphore$NonfairSync
Event: 16.503 loading class java/util/concurrent/Semaphore$Sync
Event: 16.503 loading class java/util/concurrent/Semaphore$Sync done
Event: 16.503 loading class java/util/concurrent/Semaphore$NonfairSync done
Event: 16.503 loading class sun/nio/ch/SocketAdaptor
Event: 16.504 loading class sun/nio/ch/SocketAdaptor done
Event: 16.504 loading class sun/nio/ch/SocketChannelImpl$DefaultOptionsHolder
Event: 16.504 loading class sun/nio/ch/SocketChannelImpl$DefaultOptionsHolder done
Event: 16.506 loading class sun/nio/ch/SelectionKeyImpl
Event: 16.506 loading class java/nio/channels/spi/AbstractSelectionKey
Event: 16.507 loading class java/nio/channels/SelectionKey
Event: 16.507 loading class java/nio/channels/SelectionKey done
Event: 16.507 loading class java/nio/channels/spi/AbstractSelectionKey done
Event: 16.507 loading class sun/nio/ch/SelectionKeyImpl done
Event: 16.507 loading class java/lang/invoke/ConstantBootstraps
Event: 16.507 loading class java/lang/invoke/ConstantBootstraps done
Event: 16.618 loading class java/lang/InheritableThreadLocal
Event: 16.618 loading class java/lang/InheritableThreadLocal done
Event: 16.822 loading class java/util/EnumMap$EntryIterator$Entry
Event: 16.822 loading class java/util/EnumMap$EntryIterator$Entry done


Dynamic libraries:
0x00007ff6983b0000 - 0x00007ff6983be000 	C:\Users\Julia\.jdks\openjdk-17.0.1\bin\java.exe
0x00007ffb75e10000 - 0x00007ffb76005000 	C:\WINDOWS\SYSTEM32\ntdll.dll
0x00007ffb754b0000 - 0x00007ffb7556d000 	C:\WINDOWS\System32\KERNEL32.DLL
0x00007ffb73620000 - 0x00007ffb738ed000 	C:\WINDOWS\System32\KERNELBASE.dll
0x00007ffb73520000 - 0x00007ffb73620000 	C:\WINDOWS\System32\ucrtbase.dll
0x00007ffb6e7f0000 - 0x00007ffb6e808000 	C:\Users\Julia\.jdks\openjdk-17.0.1\bin\jli.dll
0x00007ffb6e810000 - 0x00007ffb6e82a000 	C:\Users\Julia\.jdks\openjdk-17.0.1\bin\VCRUNTIME140.dll
0x00007ffb75310000 - 0x00007ffb754b0000 	C:\WINDOWS\System32\USER32.dll
0x00007ffb738f0000 - 0x00007ffb73912000 	C:\WINDOWS\System32\win32u.dll
0x00007ffb624a0000 - 0x00007ffb6273a000 	C:\WINDOWS\WinSxS\amd64_microsoft.windows.common-controls_6595b64144ccf1df_6.0.19041.1110_none_60b5254171f9507e\COMCTL32.dll
0x00007ffb74fb0000 - 0x00007ffb7504e000 	C:\WINDOWS\System32\msvcrt.dll
0x00007ffb75a40000 - 0x00007ffb75a6a000 	C:\WINDOWS\System32\GDI32.dll
0x00007ffb73a80000 - 0x00007ffb73b8b000 	C:\WINDOWS\System32\gdi32full.dll
0x00007ffb73d30000 - 0x00007ffb73dcd000 	C:\WINDOWS\System32\msvcp_win.dll
0x00007ffb75600000 - 0x00007ffb75630000 	C:\WINDOWS\System32\IMM32.DLL
0x00007ffb6eb40000 - 0x00007ffb6eb4c000 	C:\Users\Julia\.jdks\openjdk-17.0.1\bin\vcruntime140_1.dll
0x00007ffb62ad0000 - 0x00007ffb62b5d000 	C:\Users\Julia\.jdks\openjdk-17.0.1\bin\msvcp140.dll
0x00007ffb42620000 - 0x00007ffb431de000 	C:\Users\Julia\.jdks\openjdk-17.0.1\bin\server\jvm.dll
0x00007ffb73e60000 - 0x00007ffb73f0e000 	C:\WINDOWS\System32\ADVAPI32.dll
0x00007ffb751f0000 - 0x00007ffb7528c000 	C:\WINDOWS\System32\sechost.dll
0x00007ffb75050000 - 0x00007ffb75175000 	C:\WINDOWS\System32\RPCRT4.dll
0x00007ffb75180000 - 0x00007ffb75188000 	C:\WINDOWS\System32\PSAPI.DLL
0x00007ffb5afa0000 - 0x00007ffb5afa9000 	C:\WINDOWS\SYSTEM32\WSOCK32.dll
0x00007ffb69030000 - 0x00007ffb69057000 	C:\WINDOWS\SYSTEM32\WINMM.dll
0x00007ffb69060000 - 0x00007ffb6906a000 	C:\WINDOWS\SYSTEM32\VERSION.dll
0x00007ffb75290000 - 0x00007ffb752fb000 	C:\WINDOWS\System32\WS2_32.dll
0x00007ffb71e00000 - 0x00007ffb71e12000 	C:\WINDOWS\SYSTEM32\kernel.appcore.dll
0x00007ffb6e790000 - 0x00007ffb6e79a000 	C:\Users\Julia\.jdks\openjdk-17.0.1\bin\jimage.dll
0x00007ffb71610000 - 0x00007ffb717f4000 	C:\WINDOWS\SYSTEM32\DBGHELP.DLL
0x00007ffb5d790000 - 0x00007ffb5d7bc000 	C:\WINDOWS\SYSTEM32\dbgcore.DLL
0x00007ffb73dd0000 - 0x00007ffb73e52000 	C:\WINDOWS\System32\bcryptPrimitives.dll
0x00007ffb6b980000 - 0x00007ffb6b98e000 	C:\Users\Julia\.jdks\openjdk-17.0.1\bin\instrument.dll
0x00007ffb6e760000 - 0x00007ffb6e785000 	C:\Users\Julia\.jdks\openjdk-17.0.1\bin\java.dll
0x00007ffb54740000 - 0x00007ffb54816000 	C:\Users\Julia\.jdks\openjdk-17.0.1\bin\svml.dll
0x00007ffb74170000 - 0x00007ffb748b4000 	C:\WINDOWS\System32\SHELL32.dll
0x00007ffb70da0000 - 0x00007ffb71534000 	C:\WINDOWS\SYSTEM32\windows.storage.dll
0x00007ffb75a70000 - 0x00007ffb75dc4000 	C:\WINDOWS\System32\combase.dll
0x00007ffb72eb0000 - 0x00007ffb72edc000 	C:\WINDOWS\SYSTEM32\Wldp.dll
0x00007ffb74e90000 - 0x00007ffb74f3d000 	C:\WINDOWS\System32\SHCORE.dll
0x00007ffb74030000 - 0x00007ffb74085000 	C:\WINDOWS\System32\shlwapi.dll
0x00007ffb73460000 - 0x00007ffb7347f000 	C:\WINDOWS\SYSTEM32\profapi.dll
0x00007ffb6b990000 - 0x00007ffb6b9a8000 	C:\Users\Julia\.jdks\openjdk-17.0.1\bin\zip.dll
0x00007ffb6e740000 - 0x00007ffb6e759000 	C:\Users\Julia\.jdks\openjdk-17.0.1\bin\net.dll
0x00007ffb65b30000 - 0x00007ffb65c3a000 	C:\WINDOWS\SYSTEM32\WINHTTP.dll
0x00007ffb72c10000 - 0x00007ffb72c7a000 	C:\WINDOWS\system32\mswsock.dll
0x00007ffb6e720000 - 0x00007ffb6e735000 	C:\Users\Julia\.jdks\openjdk-17.0.1\bin\nio.dll
0x00007ffb6b240000 - 0x00007ffb6b25a000 	C:\Program Files\JetBrains\IntelliJ IDEA 2021.2.1\bin\breakgen64.dll
0x00007ffb72940000 - 0x00007ffb72a0b000 	C:\WINDOWS\SYSTEM32\DNSAPI.dll
0x00007ffb72900000 - 0x00007ffb7293b000 	C:\WINDOWS\SYSTEM32\IPHLPAPI.DLL
0x00007ffb74fa0000 - 0x00007ffb74fa8000 	C:\WINDOWS\System32\NSI.dll
0x00007ffb64180000 - 0x00007ffb6418a000 	C:\Windows\System32\rasadhlp.dll
0x00007ffb63e80000 - 0x00007ffb63f00000 	C:\WINDOWS\System32\fwpuclnt.dll
0x00007ffb73d00000 - 0x00007ffb73d27000 	C:\WINDOWS\System32\bcrypt.dll
0x00007ffb6b970000 - 0x00007ffb6b979000 	C:\Users\Julia\.jdks\openjdk-17.0.1\bin\management.dll
0x00007ffb6b4e0000 - 0x00007ffb6b4eb000 	C:\Users\Julia\.jdks\openjdk-17.0.1\bin\management_ext.dll
0x00007ffb72e10000 - 0x00007ffb72e28000 	C:\WINDOWS\SYSTEM32\CRYPTSP.dll
0x00007ffb72590000 - 0x00007ffb725c4000 	C:\WINDOWS\system32\rsaenh.dll
0x00007ffb73420000 - 0x00007ffb7344e000 	C:\WINDOWS\SYSTEM32\USERENV.dll
0x00007ffb72e00000 - 0x00007ffb72e0c000 	C:\WINDOWS\SYSTEM32\CRYPTBASE.dll
0x00007ffb69370000 - 0x00007ffb69387000 	C:\WINDOWS\SYSTEM32\dhcpcsvc6.DLL
0x00007ffb69250000 - 0x00007ffb6926d000 	C:\WINDOWS\SYSTEM32\dhcpcsvc.DLL
0x00007ffb4b090000 - 0x00007ffb4b0a7000 	C:\WINDOWS\system32\napinsp.dll
0x00007ffb4b070000 - 0x00007ffb4b08b000 	C:\WINDOWS\system32\pnrpnsp.dll
0x00007ffb6dc20000 - 0x00007ffb6dc35000 	C:\WINDOWS\system32\wshbth.dll
0x00007ffb6e540000 - 0x00007ffb6e55d000 	C:\WINDOWS\system32\NLAapi.dll
0x00007ffb4b050000 - 0x00007ffb4b062000 	C:\WINDOWS\System32\winrnr.dll
0x00007ffb6b4d0000 - 0x00007ffb6b4de000 	C:\Users\Julia\.jdks\openjdk-17.0.1\bin\sunmscapi.dll
0x00007ffb73920000 - 0x00007ffb73a76000 	C:\WINDOWS\System32\CRYPT32.dll
0x00007ffb72f20000 - 0x00007ffb72f47000 	C:\WINDOWS\SYSTEM32\ncrypt.dll
0x00007ffb72ee0000 - 0x00007ffb72f1b000 	C:\WINDOWS\SYSTEM32\NTASN1.dll
0x00007ffb6b270000 - 0x00007ffb6b277000 	C:\WINDOWS\system32\wshunix.dll

dbghelp: loaded successfully - version: 4.0.5 - missing functions: none
symbol engine: initialized successfully - sym options: 0x614 - pdb path: .;C:\Users\Julia\.jdks\openjdk-17.0.1\bin;C:\WINDOWS\SYSTEM32;C:\WINDOWS\WinSxS\amd64_microsoft.windows.common-controls_6595b64144ccf1df_6.0.19041.1110_none_60b5254171f9507e;C:\Users\Julia\.jdks\openjdk-17.0.1\bin\server;C:\Program Files\JetBrains\IntelliJ IDEA 2021.2.1\bin

VM Arguments:
jvm_args: -XX:TieredStopAtLevel=1 -Xverify:none -Dspring.output.ansi.enabled=always -javaagent:C:\Program Files\JetBrains\IntelliJ IDEA 2021.2.1\lib\idea_rt.jar=60687:C:\Program Files\JetBrains\IntelliJ IDEA 2021.2.1\bin -Dcom.sun.management.jmxremote -Dspring.jmx.enabled=true -Dspring.liveBeansView.mbeanDomain -Dspring.application.admin.enabled=true -Dfile.encoding=UTF-8 
java_command: ru.itis.shop.ShopApplication
java_class_path (initial): C:\\3 \Term_project\shop\target\classes;C:\Users\Julia\.m2\repository\org\springframework\boot\spring-boot-starter-security\2.4.5\spring-boot-starter-security-2.4.5.jar;C:\Users\Julia\.m2\repository\org\springframework\boot\spring-boot-starter\2.4.5\spring-boot-starter-2.4.5.jar;C:\Users\Julia\.m2\repository\org\springframework\boot\spring-boot\2.4.5\spring-boot-2.4.5.jar;C:\Users\Julia\.m2\repository\org\springframework\boot\spring-boot-autoconfigure\2.4.5\spring-boot-autoconfigure-2.4.5.jar;C:\Users\Julia\.m2\repository\org\springframework\boot\spring-boot-starter-logging\2.4.5\spring-boot-starter-logging-2.4.5.jar;C:\Users\Julia\.m2\repository\ch\qos\logback\logback-classic\1.2.3\logback-classic-1.2.3.jar;C:\Users\Julia\.m2\repository\ch\qos\logback\logback-core\1.2.3\logback-core-1.2.3.jar;C:\Users\Julia\.m2\repository\org\apache\logging\log4j\log4j-to-slf4j\2.13.3\log4j-to-slf4j-2.13.3.jar;C:\Users\Julia\.m2\repository\org\apache\logging\log4j\log4j-api\2.13.3\log4j-api-2.13.3.jar;C:\Users\Julia\.m2\repository\org\slf4j\jul-to-slf4j\1.7.30\jul-to-slf4j-1.7.30.jar;C:\Users\Julia\.m2\repository\jakarta\annotation\jakarta.annotation-api\1.3.5\jakarta.annotation-api-1.3.5.jar;C:\Users\Julia\.m2\repository\org\yaml\snakeyaml\1.27\snakeyaml-1.27.jar;C:\Users\Julia\.m2\repository\org\springframework\spring-aop\5.3.6\spring-aop-5.3.6.jar;C:\Users\Julia\.m2\repository\org\springframework\boot\spring-boot-starter-thymeleaf\2.4.5\spring-boot-starter-thymeleaf-2.4.5.jar;C:\Users\Julia\.m2\repository\org\thymeleaf\thymeleaf-spring5\3.0.12.RELEASE\thymeleaf-spring5-3.0.12.RELEASE.jar;C:\Users\Julia\.m2\repository\org\thymeleaf\thymeleaf\3.0.12.RELEASE\thymeleaf-3.0.12.RELEASE.jar;C:\Users\Julia\.m2\repository\org\attoparser\attoparser\2.0.5.RELEASE\attoparser-2.0.5.RELEASE.jar;C:\Users\Julia\.m2\repository\org\unbescape\unbescape\1.1.6.RELEASE\unbescape-1.1.6.RELEASE.jar;C:\Users\Julia\.m2\repository\org\thymeleaf\extras\thymeleaf-ext
Launcher Type: SUN_STANDARD

[Global flags]
     intx CICompilerCount                          = 4                                         {product} {ergonomic}
     uint ConcGCThreads                            = 2                                         {product} {ergonomic}
     uint G1ConcRefinementThreads                  = 8                                         {product} {ergonomic}
   size_t G1HeapRegionSize                         = 1048576                                   {product} {ergonomic}
    uintx GCDrainStackTargetSize                   = 64                                        {product} {ergonomic}
   size_t InitialHeapSize                          = 117440512                                 {product} {ergonomic}
     bool ManagementServer                         = true                                      {product} {command line}
   size_t MarkStackSize                            = 4194304                                   {product} {ergonomic}
   size_t MaxHeapSize                              = 1862270976                                {product} {ergonomic}
   size_t MaxNewSize                               = 1116733440                                {product} {ergonomic}
   size_t MinHeapDeltaBytes                        = 1048576                                   {product} {ergonomic}
   size_t MinHeapSize                              = 8388608                                   {product} {ergonomic}
    uintx NonProfiledCodeHeapSize                  = 0                                      {pd product} {ergonomic}
     bool ProfileInterpreter                       = false                                  {pd product} {command line}
    uintx ProfiledCodeHeapSize                     = 0                                      {pd product} {ergonomic}
   size_t SoftMaxHeapSize                          = 1862270976                             {manageable} {ergonomic}
     intx TieredStopAtLevel                        = 1                                         {product} {command line}
     bool UseCompressedClassPointers               = true                           {product lp64_product} {ergonomic}
     bool UseCompressedOops                        = true                           {product lp64_product} {ergonomic}
     bool UseG1GC                                  = true                                      {product} {ergonomic}
     bool UseLargePagesIndividualAllocation        = false                                  {pd product} {ergonomic}

Logging:
Log output configuration:
 #0: stdout all=warning uptime,level,tags
 #1: stderr all=off uptime,level,tags

Environment Variables:
JAVA_HOME=C:\Program Files\Java\jdk-14.0.2
PATH=C:\WINDOWS\system32;C:\WINDOWS;C:\WINDOWS\System32\Wbem;C:\WINDOWS\System32\WindowsPowerShell\v1.0\;C:\WINDOWS\System32\OpenSSH\;C:\Program Files\Java\jdk-14.0.2\bin;C:\Program Files\Git\cmd;C:\MinGW\bin;C:\Program Files\nodejs\;C:\Users\Julia\AppData\Local\Microsoft\WindowsApps;;C:\Program Files\JetBrains\IntelliJ IDEA Community Edition 2021.2.1\bin;;C:\Users\Julia\AppData\Local\Programs\Microsoft VS Code\bin;C:\Program Files\JetBrains\IntelliJ IDEA 2021.2.1\bin;;C:\Program Files\JetBrains\DataGrip 2021.2.2\bin;;C:\Program Files\JetBrains\WebStorm 2021.2.1\bin;;C:\Users\Julia\AppData\Roaming\npm
USERNAME=Julia
OS=Windows_NT
PROCESSOR_IDENTIFIER=AMD64 Family 23 Model 24 Stepping 1, AuthenticAMD



---------------  S Y S T E M  ---------------

OS:
 Windows 10 , 64 bit Build 19041 (10.0.19041.1706)
OS uptime: 0 days 23:09 hours

CPU: total 8 (initial active 8) (8 cores per cpu, 2 threads per core) family 23 model 24 stepping 1 microcode 0x0, cx8, cmov, fxsr, ht, mmx, 3dnowpref, sse, sse2, sse3, ssse3, sse4a, sse4.1, sse4.2, popcnt, lzcnt, tsc, tscinvbit, avx, avx2, aes, clmul, bmi1, bmi2, adx, sha, fma, vzeroupper, clflush, clflushopt

Memory: 4k page, system-wide physical 7103M (660M free)
TotalPageFile size 7103M (AvailPageFile size 66M)
current process WorkingSet (physical memory assigned to process): 211M, peak: 224M
current process commit charge ("private bytes"): 339M, peak: 413M

vm_info: OpenJDK 64-Bit Server VM (17.0.1+12-39) for windows-amd64 JRE (17.0.1+12-39), built on Sep 27 2021 18:39:29 by "mach5one" with MS VC++ 16.8 (VS2019)

END.
